[0114/133840.167:ERROR:process_memory_win.cc(73)] ReadMemory at 0x7ff6dfa9b000 of 16 bytes failed: Only part of a ReadProcessMemory or WriteProcessMemory request was completed. (0x12B)
[0114/133840.169:WARNING:pe_image_resource_reader.cc(241)] could not read resource directory from C:\Program Files (x86)\Google\Chrome\Application\chrome.exe resources
[0114/133840.169:ERROR:process_memory_win.cc(73)] ReadMemory at 0x7ffe30260000 of 64 bytes failed: Only part of a ReadProcessMemory or WriteProcessMemory request was completed. (0x12B)
[0114/133840.169:WARNING:pe_image_reader.cc(340)] could not read dos header from C:\WINDOWS\SYSTEM32\ntdll.dll
[0114/133840.169:ERROR:process_memory_win.cc(73)] ReadMemory at 0x7ffe2ffc0000 of 64 bytes failed: Only part of a ReadProcessMemory or WriteProcessMemory request was completed. (0x12B)
[0114/133840.169:WARNING:pe_image_reader.cc(340)] could not read dos header from C:\WINDOWS\System32\KERNEL32.DLL
[0114/133840.169:ERROR:process_memory_win.cc(73)] ReadMemory at 0x7ffe2dac0000 of 64 bytes failed: Only part of a ReadProcessMemory or WriteProcessMemory request was completed. (0x12B)
[0114/133840.169:WARNING:pe_image_reader.cc(340)] could not read dos header from C:\WINDOWS\System32\KERNELBASE.dll
[0114/133840.170:ERROR:process_memory_win.cc(73)] ReadMemory at 0x7ffdf9150000 of 64 bytes failed: Only part of a ReadProcessMemory or WriteProcessMemory request was completed. (0x12B)
[0114/133840.170:WARNING:pe_image_reader.cc(340)] could not read dos header from C:\Program Files (x86)\Google\Chrome\Application\79.0.3945.117\chrome_elf.dll
[0114/133840.170:ERROR:process_memory_win.cc(73)] ReadMemory at 0x7ffe23fa0000 of 64 bytes failed: Only part of a ReadProcessMemory or WriteProcessMemory request was completed. (0x12B)
[0114/133840.170:WARNING:pe_image_reader.cc(340)] could not read dos header from C:\WINDOWS\SYSTEM32\VERSION.dll
[0114/133840.170:ERROR:process_memory_win.cc(73)] ReadMemory at 0x7ffe2f2d0000 of 64 bytes failed: Only part of a ReadProcessMemory or WriteProcessMemory request was completed. (0x12B)
[0114/133840.170:WARNING:pe_image_reader.cc(340)] could not read dos header from C:\WINDOWS\System32\msvcrt.dll
[0114/133840.170:ERROR:process_memory_win.cc(73)] ReadMemory at 0x7ffe2e0f0000 of 64 bytes failed: Only part of a ReadProcessMemory or WriteProcessMemory request was completed. (0x12B)
[0114/133840.170:WARNING:pe_image_reader.cc(340)] could not read dos header from C:\WINDOWS\System32\bcryptPrimitives.dll
[0114/133840.170:ERROR:process_memory_win.cc(73)] ReadMemory at 0x7ffe2fe40000 of 64 bytes failed: Only part of a ReadProcessMemory or WriteProcessMemory request was completed. (0x12B)
[0114/133840.170:WARNING:pe_image_reader.cc(340)] could not read dos header from C:\WINDOWS\System32\ADVAPI32.dll
[0114/133840.170:ERROR:process_memory_win.cc(73)] ReadMemory at 0x7ffe2ff20000 of 64 bytes failed: Only part of a ReadProcessMemory or WriteProcessMemory request was completed. (0x12B)
[0114/133840.170:WARNING:pe_image_reader.cc(340)] could not read dos header from C:\WINDOWS\System32\sechost.dll
[0114/133840.170:ERROR:process_memory_win.cc(73)] ReadMemory at 0x7ffe2fb40000 of 64 bytes failed: Only part of a ReadProcessMemory or WriteProcessMemory request was completed. (0x12B)
[0114/133840.170:WARNING:pe_image_reader.cc(340)] could not read dos header from C:\WINDOWS\System32\RPCRT4.dll
[0114/133840.170:ERROR:process_memory_win.cc(73)] ReadMemory at 0x7ffdd2590000 of 64 bytes failed: Only part of a ReadProcessMemory or WriteProcessMemory request was completed. (0x12B)
[0114/133840.170:WARNING:pe_image_reader.cc(340)] could not read dos header from C:\Program Files (x86)\Google\Chrome\Application\79.0.3945.117\chrome_child.dll
[0114/133840.170:ERROR:process_memory_win.cc(73)] ReadMemory at 0x7ffe2f5e0000 of 64 bytes failed: Only part of a ReadProcessMemory or WriteProcessMemory request was completed. (0x12B)
[0114/133840.170:WARNING:pe_image_reader.cc(340)] could not read dos header from C:\WINDOWS\System32\OLEAUT32.dll
[0114/133840.170:ERROR:process_memory_win.cc(73)] ReadMemory at 0x7ffe2df70000 of 64 bytes failed: Only part of a ReadProcessMemory or WriteProcessMemory request was completed. (0x12B)
[0114/133840.170:WARNING:pe_image_reader.cc(340)] could not read dos header from C:\WINDOWS\System32\msvcp_win.dll
[0114/133840.170:ERROR:process_memory_win.cc(73)] ReadMemory at 0x7ffe2d220000 of 64 bytes failed: Only part of a ReadProcessMemory or WriteProcessMemory request was completed. (0x12B)
[0114/133840.170:WARNING:pe_image_reader.cc(340)] could not read dos header from C:\WINDOWS\System32\ucrtbase.dll
[0114/133840.170:ERROR:process_memory_win.cc(73)] ReadMemory at 0x7ffe2f6b0000 of 64 bytes failed: Only part of a ReadProcessMemory or WriteProcessMemory request was completed. (0x12B)
[0114/133840.170:WARNING:pe_image_reader.cc(340)] could not read dos header from C:\WINDOWS\System32\combase.dll
[0114/133840.170:ERROR:process_memory_win.cc(73)] ReadMemory at 0x7ffe2fd80000 of 64 bytes failed: Only part of a ReadProcessMemory or WriteProcessMemory request was completed. (0x12B)
[0114/133840.170:WARNING:pe_image_reader.cc(340)] could not read dos header from C:\WINDOWS\System32\WS2_32.dll
[0114/133840.170:ERROR:process_memory_win.cc(73)] ReadMemory at 0x7ffe2df10000 of 64 bytes failed: Only part of a ReadProcessMemory or WriteProcessMemory request was completed. (0x12B)
[0114/133840.170:WARNING:pe_image_reader.cc(340)] could not read dos header from C:\WINDOWS\System32\WINTRUST.dll
[0114/133840.170:ERROR:process_memory_win.cc(73)] ReadMemory at 0x7ffe2d140000 of 64 bytes failed: Only part of a ReadProcessMemory or WriteProcessMemory request was completed. (0x12B)
[0114/133840.170:WARNING:pe_image_reader.cc(340)] could not read dos header from C:\WINDOWS\System32\MSASN1.dll
[0114/133840.170:ERROR:process_memory_win.cc(73)] ReadMemory at 0x7ffe2e170000 of 64 bytes failed: Only part of a ReadProcessMemory or WriteProcessMemory request was completed. (0x12B)
[0114/133840.170:WARNING:pe_image_reader.cc(340)] could not read dos header from C:\WINDOWS\System32\CRYPT32.dll
[0114/133840.171:ERROR:process_memory_win.cc(73)] ReadMemory at 0x7ffe2c6b0000 of 64 bytes failed: Only part of a ReadProcessMemory or WriteProcessMemory request was completed. (0x12B)
[0114/133840.171:WARNING:pe_image_reader.cc(340)] could not read dos header from C:\WINDOWS\SYSTEM32\IPHLPAPI.DLL
[0114/133840.171:ERROR:process_memory_win.cc(73)] ReadMemory at 0x7ffe2ac50000 of 64 bytes failed: Only part of a ReadProcessMemory or WriteProcessMemory request was completed. (0x12B)
[0114/133840.171:WARNING:pe_image_reader.cc(340)] could not read dos header from C:\WINDOWS\SYSTEM32\WINMM.dll
[0114/133840.171:ERROR:process_memory_win.cc(73)] ReadMemory at 0x7ffe2d050000 of 64 bytes failed: Only part of a ReadProcessMemory or WriteProcessMemory request was completed. (0x12B)
[0114/133840.171:WARNING:pe_image_reader.cc(340)] could not read dos header from C:\WINDOWS\SYSTEM32\USERENV.dll
[0114/133840.171:ERROR:process_memory_win.cc(73)] ReadMemory at 0x7ffe2d1b0000 of 64 bytes failed: Only part of a ReadProcessMemory or WriteProcessMemory request was completed. (0x12B)
[0114/133840.171:WARNING:pe_image_reader.cc(340)] could not read dos header from C:\WINDOWS\System32\profapi.dll
[0114/133840.171:ERROR:process_memory_win.cc(73)] ReadMemory at 0x7ffe1d330000 of 64 bytes failed: Only part of a ReadProcessMemory or WriteProcessMemory request was completed. (0x12B)
[0114/133840.171:WARNING:pe_image_reader.cc(340)] could not read dos header from C:\WINDOWS\SYSTEM32\DWrite.dll
[0114/133840.171:ERROR:process_memory_win.cc(73)] ReadMemory at 0x7ffe23ad0000 of 64 bytes failed: Only part of a ReadProcessMemory or WriteProcessMemory request was completed. (0x12B)
[0114/133840.171:WARNING:pe_image_reader.cc(340)] could not read dos header from C:\WINDOWS\SYSTEM32\WINSPOOL.DRV
[0114/133840.171:ERROR:process_memory_win.cc(73)] ReadMemory at 0x7ffe2d1d0000 of 64 bytes failed: Only part of a ReadProcessMemory or WriteProcessMemory request was completed. (0x12B)
[0114/133840.171:WARNING:pe_image_reader.cc(340)] could not read dos header from C:\WINDOWS\System32\kernel.appcore.dll
[0114/133840.171:ERROR:process_memory_win.cc(73)] ReadMemory at 0x7ffe2d1f0000 of 64 bytes failed: Only part of a ReadProcessMemory or WriteProcessMemory request was completed. (0x12B)
[0114/133840.171:WARNING:pe_image_reader.cc(340)] could not read dos header from C:\WINDOWS\System32\bcrypt.dll
[0114/133840.171:ERROR:process_memory_win.cc(73)] ReadMemory at 0x7ffe24c60000 of 64 bytes failed: Only part of a ReadProcessMemory or WriteProcessMemory request was completed. (0x12B)
[0114/133840.171:WARNING:pe_image_reader.cc(340)] could not read dos header from C:\WINDOWS\SYSTEM32\dbghelp.dll
[0114/133840.171:ERROR:process_memory_win.cc(73)] ReadMemory at 0x7ffe23610000 of 64 bytes failed: Only part of a ReadProcessMemory or WriteProcessMemory request was completed. (0x12B)
[0114/133840.171:WARNING:pe_image_reader.cc(340)] could not read dos header from C:\WINDOWS\SYSTEM32\Secur32.dll
[0114/133840.171:ERROR:process_memory_win.cc(73)] ReadMemory at 0x7ffe24050000 of 64 bytes failed: Only part of a ReadProcessMemory or WriteProcessMemory request was completed. (0x12B)
[0114/133840.171:WARNING:pe_image_reader.cc(340)] could not read dos header from C:\WINDOWS\SYSTEM32\WINHTTP.dll
[0114/133840.172:ERROR:process_memory_win.cc(73)] ReadMemory at 0x7ffe26fb0000 of 64 bytes failed: Only part of a ReadProcessMemory or WriteProcessMemory request was completed. (0x12B)
[0114/133840.172:WARNING:pe_image_reader.cc(340)] could not read dos header from C:\WINDOWS\SYSTEM32\dhcpcsvc.DLL
[0114/133840.172:ERROR:process_memory_win.cc(73)] ReadMemory at 0x7ffe2fa50000 of 64 bytes failed: Only part of a ReadProcessMemory or WriteProcessMemory request was completed. (0x12B)
[0114/133840.172:WARNING:pe_image_reader.cc(340)] could not read dos header from C:\WINDOWS\System32\NSI.dll
[0114/133840.172:ERROR:process_memory_win.cc(73)] ReadMemory at 0x7ffe2ac20000 of 64 bytes failed: Only part of a ReadProcessMemory or WriteProcessMemory request was completed. (0x12B)
[0114/133840.172:WARNING:pe_image_reader.cc(340)] could not read dos header from C:\WINDOWS\SYSTEM32\WINMMBASE.dll
[0114/133840.172:ERROR:process_memory_win.cc(73)] ReadMemory at 0x7ffe2e2c0000 of 64 bytes failed: Only part of a ReadProcessMemory or WriteProcessMemory request was completed. (0x12B)
[0114/133840.172:WARNING:pe_image_reader.cc(340)] could not read dos header from C:\WINDOWS\System32\cfgmgr32.dll
[0114/133840.172:ERROR:process_memory_win.cc(73)] ReadMemory at 0x7ffe297d0000 of 64 bytes failed: Only part of a ReadProcessMemory or WriteProcessMemory request was completed. (0x12B)
[0114/133840.172:WARNING:pe_image_reader.cc(340)] could not read dos header from C:\WINDOWS\SYSTEM32\PROPSYS.dll
[0114/133840.172:ERROR:process_memory_win.cc(73)] ReadMemory at 0x7ffe2fcd0000 of 64 bytes failed: Only part of a ReadProcessMemory or WriteProcessMemory request was completed. (0x12B)
[0114/133840.172:WARNING:pe_image_reader.cc(340)] could not read dos header from C:\WINDOWS\System32\shcore.dll
[0114/133840.172:ERROR:process_memory_win.cc(73)] ReadMemory at 0x7ffe2d020000 of 64 bytes failed: Only part of a ReadProcessMemory or WriteProcessMemory request was completed. (0x12B)
[0114/133840.172:WARNING:pe_image_reader.cc(340)] could not read dos header from C:\WINDOWS\SYSTEM32\SSPICLI.DLL
[0114/133840.172:ERROR:process_memory_win.cc(73)] ReadMemory at 0x7ffe2cb70000 of 64 bytes failed: Only part of a ReadProcessMemory or WriteProcessMemory request was completed. (0x12B)
[0114/133840.172:WARNING:pe_image_reader.cc(340)] could not read dos header from C:\WINDOWS\SYSTEM32\CRYPTBASE.DLL
[0114/133840.172:ERROR:process_memory_win.cc(73)] ReadMemory at 0x7ff6df930000 of 64 bytes failed: Only part of a ReadProcessMemory or WriteProcessMemory request was completed. (0x12B)
[0114/133840.172:WARNING:pe_image_reader.cc(340)] could not read dos header from C:\Program Files (x86)\Google\Chrome\Application\chrome.exe
[0114/133840.172:ERROR:process_memory_win.cc(73)] ReadMemory at 0x7ff6df930000 of 64 bytes failed: Only part of a ReadProcessMemory or WriteProcessMemory request was completed. (0x12B)
[0114/133840.172:WARNING:pe_image_reader.cc(340)] could not read dos header from C:\Program Files (x86)\Google\Chrome\Application\chrome.exe
[0114/133840.173:ERROR:process_memory_win.cc(73)] ReadMemory at 0x7ffe30260000 of 64 bytes failed: Only part of a ReadProcessMemory or WriteProcessMemory request was completed. (0x12B)
[0114/133840.173:WARNING:pe_image_reader.cc(340)] could not read dos header from C:\WINDOWS\SYSTEM32\ntdll.dll
[0114/133840.173:ERROR:process_memory_win.cc(73)] ReadMemory at 0x7ffe30260000 of 64 bytes failed: Only part of a ReadProcessMemory or WriteProcessMemory request was completed. (0x12B)
[0114/133840.173:WARNING:pe_image_reader.cc(340)] could not read dos header from C:\WINDOWS\SYSTEM32\ntdll.dll
[0114/133840.173:ERROR:process_memory_win.cc(73)] ReadMemory at 0x7ffe2ffc0000 of 64 bytes failed: Only part of a ReadProcessMemory or WriteProcessMemory request was completed. (0x12B)
[0114/133840.173:WARNING:pe_image_reader.cc(340)] could not read dos header from C:\WINDOWS\System32\KERNEL32.DLL
[0114/133840.173:ERROR:process_memory_win.cc(73)] ReadMemory at 0x7ffe2ffc0000 of 64 bytes failed: Only part of a ReadProcessMemory or WriteProcessMemory request was completed. (0x12B)
[0114/133840.173:WARNING:pe_image_reader.cc(340)] could not read dos header from C:\WINDOWS\System32\KERNEL32.DLL
[0114/133840.173:ERROR:process_memory_win.cc(73)] ReadMemory at 0x7ffe2dac0000 of 64 bytes failed: Only part of a ReadProcessMemory or WriteProcessMemory request was completed. (0x12B)
[0114/133840.173:WARNING:pe_image_reader.cc(340)] could not read dos header from C:\WINDOWS\System32\KERNELBASE.dll
[0114/133840.173:ERROR:process_memory_win.cc(73)] ReadMemory at 0x7ffe2dac0000 of 64 bytes failed: Only part of a ReadProcessMemory or WriteProcessMemory request was completed. (0x12B)
[0114/133840.173:WARNING:pe_image_reader.cc(340)] could not read dos header from C:\WINDOWS\System32\KERNELBASE.dll
[0114/133840.173:ERROR:process_memory_win.cc(73)] ReadMemory at 0x7ffdf9150000 of 64 bytes failed: Only part of a ReadProcessMemory or WriteProcessMemory request was completed. (0x12B)
[0114/133840.173:WARNING:pe_image_reader.cc(340)] could not read dos header from C:\Program Files (x86)\Google\Chrome\Application\79.0.3945.117\chrome_elf.dll
[0114/133840.173:ERROR:process_memory_win.cc(73)] ReadMemory at 0x7ffdf9150000 of 64 bytes failed: Only part of a ReadProcessMemory or WriteProcessMemory request was completed. (0x12B)
[0114/133840.173:WARNING:pe_image_reader.cc(340)] could not read dos header from C:\Program Files (x86)\Google\Chrome\Application\79.0.3945.117\chrome_elf.dll
[0114/133840.173:ERROR:process_memory_win.cc(73)] ReadMemory at 0x7ffe23fa0000 of 64 bytes failed: Only part of a ReadProcessMemory or WriteProcessMemory request was completed. (0x12B)
[0114/133840.173:WARNING:pe_image_reader.cc(340)] could not read dos header from C:\WINDOWS\SYSTEM32\VERSION.dll
[0114/133840.173:ERROR:process_memory_win.cc(73)] ReadMemory at 0x7ffe23fa0000 of 64 bytes failed: Only part of a ReadProcessMemory or WriteProcessMemory request was completed. (0x12B)
[0114/133840.173:WARNING:pe_image_reader.cc(340)] could not read dos header from C:\WINDOWS\SYSTEM32\VERSION.dll
[0114/133840.174:ERROR:process_memory_win.cc(73)] ReadMemory at 0x7ffe2f2d0000 of 64 bytes failed: Only part of a ReadProcessMemory or WriteProcessMemory request was completed. (0x12B)
[0114/133840.174:WARNING:pe_image_reader.cc(340)] could not read dos header from C:\WINDOWS\System32\msvcrt.dll
[0114/133840.174:ERROR:process_memory_win.cc(73)] ReadMemory at 0x7ffe2f2d0000 of 64 bytes failed: Only part of a ReadProcessMemory or WriteProcessMemory request was completed. (0x12B)
[0114/133840.174:WARNING:pe_image_reader.cc(340)] could not read dos header from C:\WINDOWS\System32\msvcrt.dll
[0114/133840.174:ERROR:process_memory_win.cc(73)] ReadMemory at 0x7ffe2e0f0000 of 64 bytes failed: Only part of a ReadProcessMemory or WriteProcessMemory request was completed. (0x12B)
[0114/133840.174:WARNING:pe_image_reader.cc(340)] could not read dos header from C:\WINDOWS\System32\bcryptPrimitives.dll
[0114/133840.174:ERROR:process_memory_win.cc(73)] ReadMemory at 0x7ffe2e0f0000 of 64 bytes failed: Only part of a ReadProcessMemory or WriteProcessMemory request was completed. (0x12B)
[0114/133840.174:WARNING:pe_image_reader.cc(340)] could not read dos header from C:\WINDOWS\System32\bcryptPrimitives.dll
[0114/133840.174:ERROR:process_memory_win.cc(73)] ReadMemory at 0x7ffe2fe40000 of 64 bytes failed: Only part of a ReadProcessMemory or WriteProcessMemory request was completed. (0x12B)
[0114/133840.174:WARNING:pe_image_reader.cc(340)] could not read dos header from C:\WINDOWS\System32\ADVAPI32.dll
[0114/133840.174:ERROR:process_memory_win.cc(73)] ReadMemory at 0x7ffe2fe40000 of 64 bytes failed: Only part of a ReadProcessMemory or WriteProcessMemory request was completed. (0x12B)
[0114/133840.174:WARNING:pe_image_reader.cc(340)] could not read dos header from C:\WINDOWS\System32\ADVAPI32.dll
[0114/133840.174:ERROR:process_memory_win.cc(73)] ReadMemory at 0x7ffe2ff20000 of 64 bytes failed: Only part of a ReadProcessMemory or WriteProcessMemory request was completed. (0x12B)
[0114/133840.174:WARNING:pe_image_reader.cc(340)] could not read dos header from C:\WINDOWS\System32\sechost.dll
[0114/133840.174:ERROR:process_memory_win.cc(73)] ReadMemory at 0x7ffe2ff20000 of 64 bytes failed: Only part of a ReadProcessMemory or WriteProcessMemory request was completed. (0x12B)
[0114/133840.174:WARNING:pe_image_reader.cc(340)] could not read dos header from C:\WINDOWS\System32\sechost.dll
[0114/133840.174:ERROR:process_memory_win.cc(73)] ReadMemory at 0x7ffe2fb40000 of 64 bytes failed: Only part of a ReadProcessMemory or WriteProcessMemory request was completed. (0x12B)
[0114/133840.174:WARNING:pe_image_reader.cc(340)] could not read dos header from C:\WINDOWS\System32\RPCRT4.dll
[0114/133840.174:ERROR:process_memory_win.cc(73)] ReadMemory at 0x7ffe2fb40000 of 64 bytes failed: Only part of a ReadProcessMemory or WriteProcessMemory request was completed. (0x12B)
[0114/133840.174:WARNING:pe_image_reader.cc(340)] could not read dos header from C:\WINDOWS\System32\RPCRT4.dll
[0114/133840.174:ERROR:process_memory_win.cc(73)] ReadMemory at 0x7ffdd2590000 of 64 bytes failed: Only part of a ReadProcessMemory or WriteProcessMemory request was completed. (0x12B)
[0114/133840.174:WARNING:pe_image_reader.cc(340)] could not read dos header from C:\Program Files (x86)\Google\Chrome\Application\79.0.3945.117\chrome_child.dll
[0114/133840.174:ERROR:process_memory_win.cc(73)] ReadMemory at 0x7ffdd2590000 of 64 bytes failed: Only part of a ReadProcessMemory or WriteProcessMemory request was completed. (0x12B)
[0114/133840.174:WARNING:pe_image_reader.cc(340)] could not read dos header from C:\Program Files (x86)\Google\Chrome\Application\79.0.3945.117\chrome_child.dll
[0114/133840.174:ERROR:process_memory_win.cc(73)] ReadMemory at 0x7ffe2f5e0000 of 64 bytes failed: Only part of a ReadProcessMemory or WriteProcessMemory request was completed. (0x12B)
[0114/133840.174:WARNING:pe_image_reader.cc(340)] could not read dos header from C:\WINDOWS\System32\OLEAUT32.dll
[0114/133840.174:ERROR:process_memory_win.cc(73)] ReadMemory at 0x7ffe2f5e0000 of 64 bytes failed: Only part of a ReadProcessMemory or WriteProcessMemory request was completed. (0x12B)
[0114/133840.174:WARNING:pe_image_reader.cc(340)] could not read dos header from C:\WINDOWS\System32\OLEAUT32.dll
[0114/133840.174:ERROR:process_memory_win.cc(73)] ReadMemory at 0x7ffe2df70000 of 64 bytes failed: Only part of a ReadProcessMemory or WriteProcessMemory request was completed. (0x12B)
[0114/133840.174:WARNING:pe_image_reader.cc(340)] could not read dos header from C:\WINDOWS\System32\msvcp_win.dll
[0114/133840.174:ERROR:process_memory_win.cc(73)] ReadMemory at 0x7ffe2df70000 of 64 bytes failed: Only part of a ReadProcessMemory or WriteProcessMemory request was completed. (0x12B)
[0114/133840.174:WARNING:pe_image_reader.cc(340)] could not read dos header from C:\WINDOWS\System32\msvcp_win.dll
[0114/133840.174:ERROR:process_memory_win.cc(73)] ReadMemory at 0x7ffe2d220000 of 64 bytes failed: Only part of a ReadProcessMemory or WriteProcessMemory request was completed. (0x12B)
[0114/133840.174:WARNING:pe_image_reader.cc(340)] could not read dos header from C:\WINDOWS\System32\ucrtbase.dll
[0114/133840.174:ERROR:process_memory_win.cc(73)] ReadMemory at 0x7ffe2d220000 of 64 bytes failed: Only part of a ReadProcessMemory or WriteProcessMemory request was completed. (0x12B)
[0114/133840.174:WARNING:pe_image_reader.cc(340)] could not read dos header from C:\WINDOWS\System32\ucrtbase.dll
[0114/133840.175:ERROR:process_memory_win.cc(73)] ReadMemory at 0x7ffe2f6b0000 of 64 bytes failed: Only part of a ReadProcessMemory or WriteProcessMemory request was completed. (0x12B)
[0114/133840.175:WARNING:pe_image_reader.cc(340)] could not read dos header from C:\WINDOWS\System32\combase.dll
[0114/133840.175:ERROR:process_memory_win.cc(73)] ReadMemory at 0x7ffe2f6b0000 of 64 bytes failed: Only part of a ReadProcessMemory or WriteProcessMemory request was completed. (0x12B)
[0114/133840.175:WARNING:pe_image_reader.cc(340)] could not read dos header from C:\WINDOWS\System32\combase.dll
[0114/133840.175:ERROR:process_memory_win.cc(73)] ReadMemory at 0x7ffe2fd80000 of 64 bytes failed: Only part of a ReadProcessMemory or WriteProcessMemory request was completed. (0x12B)
[0114/133840.175:WARNING:pe_image_reader.cc(340)] could not read dos header from C:\WINDOWS\System32\WS2_32.dll
[0114/133840.175:ERROR:process_memory_win.cc(73)] ReadMemory at 0x7ffe2fd80000 of 64 bytes failed: Only part of a ReadProcessMemory or WriteProcessMemory request was completed. (0x12B)
[0114/133840.175:WARNING:pe_image_reader.cc(340)] could not read dos header from C:\WINDOWS\System32\WS2_32.dll
[0114/133840.175:ERROR:process_memory_win.cc(73)] ReadMemory at 0x7ffe2df10000 of 64 bytes failed: Only part of a ReadProcessMemory or WriteProcessMemory request was completed. (0x12B)
[0114/133840.175:WARNING:pe_image_reader.cc(340)] could not read dos header from C:\WINDOWS\System32\WINTRUST.dll
[0114/133840.175:ERROR:process_memory_win.cc(73)] ReadMemory at 0x7ffe2df10000 of 64 bytes failed: Only part of a ReadProcessMemory or WriteProcessMemory request was completed. (0x12B)
[0114/133840.175:WARNING:pe_image_reader.cc(340)] could not read dos header from C:\WINDOWS\System32\WINTRUST.dll
[0114/133840.175:ERROR:process_memory_win.cc(73)] ReadMemory at 0x7ffe2d140000 of 64 bytes failed: Only part of a ReadProcessMemory or WriteProcessMemory request was completed. (0x12B)
[0114/133840.175:WARNING:pe_image_reader.cc(340)] could not read dos header from C:\WINDOWS\System32\MSASN1.dll
[0114/133840.175:ERROR:process_memory_win.cc(73)] ReadMemory at 0x7ffe2d140000 of 64 bytes failed: Only part of a ReadProcessMemory or WriteProcessMemory request was completed. (0x12B)
[0114/133840.175:WARNING:pe_image_reader.cc(340)] could not read dos header from C:\WINDOWS\System32\MSASN1.dll
[0114/133840.175:ERROR:process_memory_win.cc(73)] ReadMemory at 0x7ffe2e170000 of 64 bytes failed: Only part of a ReadProcessMemory or WriteProcessMemory request was completed. (0x12B)
[0114/133840.175:WARNING:pe_image_reader.cc(340)] could not read dos header from C:\WINDOWS\System32\CRYPT32.dll
[0114/133840.175:ERROR:process_memory_win.cc(73)] ReadMemory at 0x7ffe2e170000 of 64 bytes failed: Only part of a ReadProcessMemory or WriteProcessMemory request was completed. (0x12B)
[0114/133840.175:WARNING:pe_image_reader.cc(340)] could not read dos header from C:\WINDOWS\System32\CRYPT32.dll
[0114/133840.175:ERROR:process_memory_win.cc(73)] ReadMemory at 0x7ffe2c6b0000 of 64 bytes failed: Only part of a ReadProcessMemory or WriteProcessMemory request was completed. (0x12B)
[0114/133840.175:WARNING:pe_image_reader.cc(340)] could not read dos header from C:\WINDOWS\SYSTEM32\IPHLPAPI.DLL
[0114/133840.175:ERROR:process_memory_win.cc(73)] ReadMemory at 0x7ffe2c6b0000 of 64 bytes failed: Only part of a ReadProcessMemory or WriteProcessMemory request was completed. (0x12B)
[0114/133840.175:WARNING:pe_image_reader.cc(340)] could not read dos header from C:\WINDOWS\SYSTEM32\IPHLPAPI.DLL
[0114/133840.175:ERROR:process_memory_win.cc(73)] ReadMemory at 0x7ffe2ac50000 of 64 bytes failed: Only part of a ReadProcessMemory or WriteProcessMemory request was completed. (0x12B)
[0114/133840.175:WARNING:pe_image_reader.cc(340)] could not read dos header from C:\WINDOWS\SYSTEM32\WINMM.dll
[0114/133840.175:ERROR:process_memory_win.cc(73)] ReadMemory at 0x7ffe2ac50000 of 64 bytes failed: Only part of a ReadProcessMemory or WriteProcessMemory request was completed. (0x12B)
[0114/133840.175:WARNING:pe_image_reader.cc(340)] could not read dos header from C:\WINDOWS\SYSTEM32\WINMM.dll
[0114/133840.175:ERROR:process_memory_win.cc(73)] ReadMemory at 0x7ffe2d050000 of 64 bytes failed: Only part of a ReadProcessMemory or WriteProcessMemory request was completed. (0x12B)
[0114/133840.175:WARNING:pe_image_reader.cc(340)] could not read dos header from C:\WINDOWS\SYSTEM32\USERENV.dll
[0114/133840.175:ERROR:process_memory_win.cc(73)] ReadMemory at 0x7ffe2d050000 of 64 bytes failed: Only part of a ReadProcessMemory or WriteProcessMemory request was completed. (0x12B)
[0114/133840.175:WARNING:pe_image_reader.cc(340)] could not read dos header from C:\WINDOWS\SYSTEM32\USERENV.dll
[0114/133840.175:ERROR:process_memory_win.cc(73)] ReadMemory at 0x7ffe2d1b0000 of 64 bytes failed: Only part of a ReadProcessMemory or WriteProcessMemory request was completed. (0x12B)
[0114/133840.175:WARNING:pe_image_reader.cc(340)] could not read dos header from C:\WINDOWS\System32\profapi.dll
[0114/133840.175:ERROR:process_memory_win.cc(73)] ReadMemory at 0x7ffe2d1b0000 of 64 bytes failed: Only part of a ReadProcessMemory or WriteProcessMemory request was completed. (0x12B)
[0114/133840.175:WARNING:pe_image_reader.cc(340)] could not read dos header from C:\WINDOWS\System32\profapi.dll
[0114/133840.176:ERROR:process_memory_win.cc(73)] ReadMemory at 0x7ffe1d330000 of 64 bytes failed: Only part of a ReadProcessMemory or WriteProcessMemory request was completed. (0x12B)
[0114/133840.176:WARNING:pe_image_reader.cc(340)] could not read dos header from C:\WINDOWS\SYSTEM32\DWrite.dll
[0114/133840.176:ERROR:process_memory_win.cc(73)] ReadMemory at 0x7ffe1d330000 of 64 bytes failed: Only part of a ReadProcessMemory or WriteProcessMemory request was completed. (0x12B)
[0114/133840.176:WARNING:pe_image_reader.cc(340)] could not read dos header from C:\WINDOWS\SYSTEM32\DWrite.dll
[0114/133840.176:ERROR:process_memory_win.cc(73)] ReadMemory at 0x7ffe23ad0000 of 64 bytes failed: Only part of a ReadProcessMemory or WriteProcessMemory request was completed. (0x12B)
[0114/133840.176:WARNING:pe_image_reader.cc(340)] could not read dos header from C:\WINDOWS\SYSTEM32\WINSPOOL.DRV
[0114/133840.176:ERROR:process_memory_win.cc(73)] ReadMemory at 0x7ffe23ad0000 of 64 bytes failed: Only part of a ReadProcessMemory or WriteProcessMemory request was completed. (0x12B)
[0114/133840.176:WARNING:pe_image_reader.cc(340)] could not read dos header from C:\WINDOWS\SYSTEM32\WINSPOOL.DRV
[0114/133840.176:ERROR:process_memory_win.cc(73)] ReadMemory at 0x7ffe2d1d0000 of 64 bytes failed: Only part of a ReadProcessMemory or WriteProcessMemory request was completed. (0x12B)
[0114/133840.176:WARNING:pe_image_reader.cc(340)] could not read dos header from C:\WINDOWS\System32\kernel.appcore.dll
[0114/133840.176:ERROR:process_memory_win.cc(73)] ReadMemory at 0x7ffe2d1d0000 of 64 bytes failed: Only part of a ReadProcessMemory or WriteProcessMemory request was completed. (0x12B)
[0114/133840.176:WARNING:pe_image_reader.cc(340)] could not read dos header from C:\WINDOWS\System32\kernel.appcore.dll
[0114/133840.176:ERROR:process_memory_win.cc(73)] ReadMemory at 0x7ffe2d1f0000 of 64 bytes failed: Only part of a ReadProcessMemory or WriteProcessMemory request was completed. (0x12B)
[0114/133840.176:WARNING:pe_image_reader.cc(340)] could not read dos header from C:\WINDOWS\System32\bcrypt.dll
[0114/133840.176:ERROR:process_memory_win.cc(73)] ReadMemory at 0x7ffe2d1f0000 of 64 bytes failed: Only part of a ReadProcessMemory or WriteProcessMemory request was completed. (0x12B)
[0114/133840.176:WARNING:pe_image_reader.cc(340)] could not read dos header from C:\WINDOWS\System32\bcrypt.dll
[0114/133840.176:ERROR:process_memory_win.cc(73)] ReadMemory at 0x7ffe24c60000 of 64 bytes failed: Only part of a ReadProcessMemory or WriteProcessMemory request was completed. (0x12B)
[0114/133840.176:WARNING:pe_image_reader.cc(340)] could not read dos header from C:\WINDOWS\SYSTEM32\dbghelp.dll
[0114/133840.176:ERROR:process_memory_win.cc(73)] ReadMemory at 0x7ffe24c60000 of 64 bytes failed: Only part of a ReadProcessMemory or WriteProcessMemory request was completed. (0x12B)
[0114/133840.176:WARNING:pe_image_reader.cc(340)] could not read dos header from C:\WINDOWS\SYSTEM32\dbghelp.dll
[0114/133840.176:ERROR:process_memory_win.cc(73)] ReadMemory at 0x7ffe23610000 of 64 bytes failed: Only part of a ReadProcessMemory or WriteProcessMemory request was completed. (0x12B)
[0114/133840.176:WARNING:pe_image_reader.cc(340)] could not read dos header from C:\WINDOWS\SYSTEM32\Secur32.dll
[0114/133840.176:ERROR:process_memory_win.cc(73)] ReadMemory at 0x7ffe23610000 of 64 bytes failed: Only part of a ReadProcessMemory or WriteProcessMemory request was completed. (0x12B)
[0114/133840.177:WARNING:pe_image_reader.cc(340)] could not read dos header from C:\WINDOWS\SYSTEM32\Secur32.dll
[0114/133840.177:ERROR:process_memory_win.cc(73)] ReadMemory at 0x7ffe24050000 of 64 bytes failed: Only part of a ReadProcessMemory or WriteProcessMemory request was completed. (0x12B)
[0114/133840.177:WARNING:pe_image_reader.cc(340)] could not read dos header from C:\WINDOWS\SYSTEM32\WINHTTP.dll
[0114/133840.177:ERROR:process_memory_win.cc(73)] ReadMemory at 0x7ffe24050000 of 64 bytes failed: Only part of a ReadProcessMemory or WriteProcessMemory request was completed. (0x12B)
[0114/133840.177:WARNING:pe_image_reader.cc(340)] could not read dos header from C:\WINDOWS\SYSTEM32\WINHTTP.dll
[0114/133840.177:ERROR:process_memory_win.cc(73)] ReadMemory at 0x7ffe26fb0000 of 64 bytes failed: Only part of a ReadProcessMemory or WriteProcessMemory request was completed. (0x12B)
[0114/133840.177:WARNING:pe_image_reader.cc(340)] could not read dos header from C:\WINDOWS\SYSTEM32\dhcpcsvc.DLL
[0114/133840.177:ERROR:process_memory_win.cc(73)] ReadMemory at 0x7ffe26fb0000 of 64 bytes failed: Only part of a ReadProcessMemory or WriteProcessMemory request was completed. (0x12B)
[0114/133840.177:WARNING:pe_image_reader.cc(340)] could not read dos header from C:\WINDOWS\SYSTEM32\dhcpcsvc.DLL
[0114/133840.177:ERROR:process_memory_win.cc(73)] ReadMemory at 0x7ffe2fa50000 of 64 bytes failed: Only part of a ReadProcessMemory or WriteProcessMemory request was completed. (0x12B)
[0114/133840.177:WARNING:pe_image_reader.cc(340)] could not read dos header from C:\WINDOWS\System32\NSI.dll
[0114/133840.177:ERROR:process_memory_win.cc(73)] ReadMemory at 0x7ffe2fa50000 of 64 bytes failed: Only part of a ReadProcessMemory or WriteProcessMemory request was completed. (0x12B)
[0114/133840.177:WARNING:pe_image_reader.cc(340)] could not read dos header from C:\WINDOWS\System32\NSI.dll
[0114/133840.177:ERROR:process_memory_win.cc(73)] ReadMemory at 0x7ffe2ac20000 of 64 bytes failed: Only part of a ReadProcessMemory or WriteProcessMemory request was completed. (0x12B)
[0114/133840.177:WARNING:pe_image_reader.cc(340)] could not read dos header from C:\WINDOWS\SYSTEM32\WINMMBASE.dll
[0114/133840.177:ERROR:process_memory_win.cc(73)] ReadMemory at 0x7ffe2ac20000 of 64 bytes failed: Only part of a ReadProcessMemory or WriteProcessMemory request was completed. (0x12B)
[0114/133840.177:WARNING:pe_image_reader.cc(340)] could not read dos header from C:\WINDOWS\SYSTEM32\WINMMBASE.dll
[0114/133840.177:ERROR:process_memory_win.cc(73)] ReadMemory at 0x7ffe2e2c0000 of 64 bytes failed: Only part of a ReadProcessMemory or WriteProcessMemory request was completed. (0x12B)
[0114/133840.177:WARNING:pe_image_reader.cc(340)] could not read dos header from C:\WINDOWS\System32\cfgmgr32.dll
[0114/133840.177:ERROR:process_memory_win.cc(73)] ReadMemory at 0x7ffe2e2c0000 of 64 bytes failed: Only part of a ReadProcessMemory or WriteProcessMemory request was completed. (0x12B)
[0114/133840.177:WARNING:pe_image_reader.cc(340)] could not read dos header from C:\WINDOWS\System32\cfgmgr32.dll
[0114/133840.177:ERROR:process_memory_win.cc(73)] ReadMemory at 0x7ffe297d0000 of 64 bytes failed: Only part of a ReadProcessMemory or WriteProcessMemory request was completed. (0x12B)
[0114/133840.177:WARNING:pe_image_reader.cc(340)] could not read dos header from C:\WINDOWS\SYSTEM32\PROPSYS.dll
[0114/133840.177:ERROR:process_memory_win.cc(73)] ReadMemory at 0x7ffe297d0000 of 64 bytes failed: Only part of a ReadProcessMemory or WriteProcessMemory request was completed. (0x12B)
[0114/133840.177:WARNING:pe_image_reader.cc(340)] could not read dos header from C:\WINDOWS\SYSTEM32\PROPSYS.dll
[0114/133840.177:ERROR:process_memory_win.cc(73)] ReadMemory at 0x7ffe2fcd0000 of 64 bytes failed: Only part of a ReadProcessMemory or WriteProcessMemory request was completed. (0x12B)
[0114/133840.177:WARNING:pe_image_reader.cc(340)] could not read dos header from C:\WINDOWS\System32\shcore.dll
[0114/133840.177:ERROR:process_memory_win.cc(73)] ReadMemory at 0x7ffe2fcd0000 of 64 bytes failed: Only part of a ReadProcessMemory or WriteProcessMemory request was completed. (0x12B)
[0114/133840.177:WARNING:pe_image_reader.cc(340)] could not read dos header from C:\WINDOWS\System32\shcore.dll
[0114/133840.178:ERROR:process_memory_win.cc(73)] ReadMemory at 0x7ffe2d020000 of 64 bytes failed: Only part of a ReadProcessMemory or WriteProcessMemory request was completed. (0x12B)
[0114/133840.178:WARNING:pe_image_reader.cc(340)] could not read dos header from C:\WINDOWS\SYSTEM32\SSPICLI.DLL
[0114/133840.178:ERROR:process_memory_win.cc(73)] ReadMemory at 0x7ffe2d020000 of 64 bytes failed: Only part of a ReadProcessMemory or WriteProcessMemory request was completed. (0x12B)
[0114/133840.178:WARNING:pe_image_reader.cc(340)] could not read dos header from C:\WINDOWS\SYSTEM32\SSPICLI.DLL
[0114/133840.178:ERROR:process_memory_win.cc(73)] ReadMemory at 0x7ffe2cb70000 of 64 bytes failed: Only part of a ReadProcessMemory or WriteProcessMemory request was completed. (0x12B)
[0114/133840.178:WARNING:pe_image_reader.cc(340)] could not read dos header from C:\WINDOWS\SYSTEM32\CRYPTBASE.DLL
[0114/133840.178:ERROR:process_memory_win.cc(73)] ReadMemory at 0x7ffe2cb70000 of 64 bytes failed: Only part of a ReadProcessMemory or WriteProcessMemory request was completed. (0x12B)
[0114/133840.178:WARNING:pe_image_reader.cc(340)] could not read dos header from C:\WINDOWS\SYSTEM32\CRYPTBASE.DLL
[0114/133840.215:ERROR:process_memory_win.cc(73)] ReadMemory at 0x7ff6df930000 of 64 bytes failed: Only part of a ReadProcessMemory or WriteProcessMemory request was completed. (0x12B)
[0114/133840.215:WARNING:pe_image_reader.cc(340)] could not read dos header from C:\Program Files (x86)\Google\Chrome\Application\chrome.exe
[0114/133840.215:ERROR:process_memory_win.cc(73)] ReadMemory at 0x7ffe30260000 of 64 bytes failed: Only part of a ReadProcessMemory or WriteProcessMemory request was completed. (0x12B)
[0114/133840.215:WARNING:pe_image_reader.cc(340)] could not read dos header from C:\WINDOWS\SYSTEM32\ntdll.dll
[0114/133840.215:ERROR:process_memory_win.cc(73)] ReadMemory at 0x7ffe2ffc0000 of 64 bytes failed: Only part of a ReadProcessMemory or WriteProcessMemory request was completed. (0x12B)
[0114/133840.215:WARNING:pe_image_reader.cc(340)] could not read dos header from C:\WINDOWS\System32\KERNEL32.DLL
[0114/133840.215:ERROR:process_memory_win.cc(73)] ReadMemory at 0x7ffe2dac0000 of 64 bytes failed: Only part of a ReadProcessMemory or WriteProcessMemory request was completed. (0x12B)
[0114/133840.215:WARNING:pe_image_reader.cc(340)] could not read dos header from C:\WINDOWS\System32\KERNELBASE.dll
[0114/133840.215:ERROR:process_memory_win.cc(73)] ReadMemory at 0x7ffdf9150000 of 64 bytes failed: Only part of a ReadProcessMemory or WriteProcessMemory request was completed. (0x12B)
[0114/133840.215:WARNING:pe_image_reader.cc(340)] could not read dos header from C:\Program Files (x86)\Google\Chrome\Application\79.0.3945.117\chrome_elf.dll
[0114/133840.215:ERROR:process_memory_win.cc(73)] ReadMemory at 0x7ffe23fa0000 of 64 bytes failed: Only part of a ReadProcessMemory or WriteProcessMemory request was completed. (0x12B)
[0114/133840.216:WARNING:pe_image_reader.cc(340)] could not read dos header from C:\WINDOWS\SYSTEM32\VERSION.dll
[0114/133840.216:ERROR:process_memory_win.cc(73)] ReadMemory at 0x7ffe2f2d0000 of 64 bytes failed: Only part of a ReadProcessMemory or WriteProcessMemory request was completed. (0x12B)
[0114/133840.216:WARNING:pe_image_reader.cc(340)] could not read dos header from C:\WINDOWS\System32\msvcrt.dll
[0114/133840.216:ERROR:process_memory_win.cc(73)] ReadMemory at 0x7ffe2e0f0000 of 64 bytes failed: Only part of a ReadProcessMemory or WriteProcessMemory request was completed. (0x12B)
[0114/133840.216:WARNING:pe_image_reader.cc(340)] could not read dos header from C:\WINDOWS\System32\bcryptPrimitives.dll
[0114/133840.216:ERROR:process_memory_win.cc(73)] ReadMemory at 0x7ffe2fe40000 of 64 bytes failed: Only part of a ReadProcessMemory or WriteProcessMemory request was completed. (0x12B)
[0114/133840.216:WARNING:pe_image_reader.cc(340)] could not read dos header from C:\WINDOWS\System32\ADVAPI32.dll
[0114/133840.216:ERROR:process_memory_win.cc(73)] ReadMemory at 0x7ffe2ff20000 of 64 bytes failed: Only part of a ReadProcessMemory or WriteProcessMemory request was completed. (0x12B)
[0114/133840.216:WARNING:pe_image_reader.cc(340)] could not read dos header from C:\WINDOWS\System32\sechost.dll
[0114/133840.216:ERROR:process_memory_win.cc(73)] ReadMemory at 0x7ffe2fb40000 of 64 bytes failed: Only part of a ReadProcessMemory or WriteProcessMemory request was completed. (0x12B)
[0114/133840.216:WARNING:pe_image_reader.cc(340)] could not read dos header from C:\WINDOWS\System32\RPCRT4.dll
[0114/133840.216:ERROR:process_memory_win.cc(73)] ReadMemory at 0x7ffdd2590000 of 64 bytes failed: Only part of a ReadProcessMemory or WriteProcessMemory request was completed. (0x12B)
[0114/133840.216:WARNING:pe_image_reader.cc(340)] could not read dos header from C:\Program Files (x86)\Google\Chrome\Application\79.0.3945.117\chrome_child.dll
[0114/133840.216:ERROR:process_memory_win.cc(73)] ReadMemory at 0x7ffe2f5e0000 of 64 bytes failed: Only part of a ReadProcessMemory or WriteProcessMemory request was completed. (0x12B)
[0114/133840.216:WARNING:pe_image_reader.cc(340)] could not read dos header from C:\WINDOWS\System32\OLEAUT32.dll
[0114/133840.216:ERROR:process_memory_win.cc(73)] ReadMemory at 0x7ffe2df70000 of 64 bytes failed: Only part of a ReadProcessMemory or WriteProcessMemory request was completed. (0x12B)
[0114/133840.216:WARNING:pe_image_reader.cc(340)] could not read dos header from C:\WINDOWS\System32\msvcp_win.dll
[0114/133840.216:ERROR:process_memory_win.cc(73)] ReadMemory at 0x7ffe2d220000 of 64 bytes failed: Only part of a ReadProcessMemory or WriteProcessMemory request was completed. (0x12B)
[0114/133840.216:WARNING:pe_image_reader.cc(340)] could not read dos header from C:\WINDOWS\System32\ucrtbase.dll
[0114/133840.216:ERROR:process_memory_win.cc(73)] ReadMemory at 0x7ffe2f6b0000 of 64 bytes failed: Only part of a ReadProcessMemory or WriteProcessMemory request was completed. (0x12B)
[0114/133840.216:WARNING:pe_image_reader.cc(340)] could not read dos header from C:\WINDOWS\System32\combase.dll
[0114/133840.216:ERROR:process_memory_win.cc(73)] ReadMemory at 0x7ffe2fd80000 of 64 bytes failed: Only part of a ReadProcessMemory or WriteProcessMemory request was completed. (0x12B)
[0114/133840.216:WARNING:pe_image_reader.cc(340)] could not read dos header from C:\WINDOWS\System32\WS2_32.dll
[0114/133840.216:ERROR:process_memory_win.cc(73)] ReadMemory at 0x7ffe2df10000 of 64 bytes failed: Only part of a ReadProcessMemory or WriteProcessMemory request was completed. (0x12B)
[0114/133840.216:WARNING:pe_image_reader.cc(340)] could not read dos header from C:\WINDOWS\System32\WINTRUST.dll
[0114/133840.217:ERROR:process_memory_win.cc(73)] ReadMemory at 0x7ffe2d140000 of 64 bytes failed: Only part of a ReadProcessMemory or WriteProcessMemory request was completed. (0x12B)
[0114/133840.217:WARNING:pe_image_reader.cc(340)] could not read dos header from C:\WINDOWS\System32\MSASN1.dll
[0114/133840.217:ERROR:process_memory_win.cc(73)] ReadMemory at 0x7ffe2e170000 of 64 bytes failed: Only part of a ReadProcessMemory or WriteProcessMemory request was completed. (0x12B)
[0114/133840.217:WARNING:pe_image_reader.cc(340)] could not read dos header from C:\WINDOWS\System32\CRYPT32.dll
[0114/133840.217:ERROR:process_memory_win.cc(73)] ReadMemory at 0x7ffe2c6b0000 of 64 bytes failed: Only part of a ReadProcessMemory or WriteProcessMemory request was completed. (0x12B)
[0114/133840.217:WARNING:pe_image_reader.cc(340)] could not read dos header from C:\WINDOWS\SYSTEM32\IPHLPAPI.DLL
[0114/133840.217:ERROR:process_memory_win.cc(73)] ReadMemory at 0x7ffe2ac50000 of 64 bytes failed: Only part of a ReadProcessMemory or WriteProcessMemory request was completed. (0x12B)
[0114/133840.217:WARNING:pe_image_reader.cc(340)] could not read dos header from C:\WINDOWS\SYSTEM32\WINMM.dll
[0114/133840.217:ERROR:process_memory_win.cc(73)] ReadMemory at 0x7ffe2d050000 of 64 bytes failed: Only part of a ReadProcessMemory or WriteProcessMemory request was completed. (0x12B)
[0114/133840.217:WARNING:pe_image_reader.cc(340)] could not read dos header from C:\WINDOWS\SYSTEM32\USERENV.dll
[0114/133840.217:ERROR:process_memory_win.cc(73)] ReadMemory at 0x7ffe2d1b0000 of 64 bytes failed: Only part of a ReadProcessMemory or WriteProcessMemory request was completed. (0x12B)
[0114/133840.217:WARNING:pe_image_reader.cc(340)] could not read dos header from C:\WINDOWS\System32\profapi.dll
[0114/133840.217:ERROR:process_memory_win.cc(73)] ReadMemory at 0x7ffe1d330000 of 64 bytes failed: Only part of a ReadProcessMemory or WriteProcessMemory request was completed. (0x12B)
[0114/133840.217:WARNING:pe_image_reader.cc(340)] could not read dos header from C:\WINDOWS\SYSTEM32\DWrite.dll
[0114/133840.217:ERROR:process_memory_win.cc(73)] ReadMemory at 0x7ffe23ad0000 of 64 bytes failed: Only part of a ReadProcessMemory or WriteProcessMemory request was completed. (0x12B)
[0114/133840.217:WARNING:pe_image_reader.cc(340)] could not read dos header from C:\WINDOWS\SYSTEM32\WINSPOOL.DRV
[0114/133840.217:ERROR:process_memory_win.cc(73)] ReadMemory at 0x7ffe2d1d0000 of 64 bytes failed: Only part of a ReadProcessMemory or WriteProcessMemory request was completed. (0x12B)
[0114/133840.217:WARNING:pe_image_reader.cc(340)] could not read dos header from C:\WINDOWS\System32\kernel.appcore.dll
[0114/133840.217:ERROR:process_memory_win.cc(73)] ReadMemory at 0x7ffe2d1f0000 of 64 bytes failed: Only part of a ReadProcessMemory or WriteProcessMemory request was completed. (0x12B)
[0114/133840.217:WARNING:pe_image_reader.cc(340)] could not read dos header from C:\WINDOWS\System32\bcrypt.dll
[0114/133840.217:ERROR:process_memory_win.cc(73)] ReadMemory at 0x7ffe24c60000 of 64 bytes failed: Only part of a ReadProcessMemory or WriteProcessMemory request was completed. (0x12B)
[0114/133840.217:WARNING:pe_image_reader.cc(340)] could not read dos header from C:\WINDOWS\SYSTEM32\dbghelp.dll
[0114/133840.217:ERROR:process_memory_win.cc(73)] ReadMemory at 0x7ffe23610000 of 64 bytes failed: Only part of a ReadProcessMemory or WriteProcessMemory request was completed. (0x12B)
[0114/133840.217:WARNING:pe_image_reader.cc(340)] could not read dos header from C:\WINDOWS\SYSTEM32\Secur32.dll
[0114/133840.217:ERROR:process_memory_win.cc(73)] ReadMemory at 0x7ffe24050000 of 64 bytes failed: Only part of a ReadProcessMemory or WriteProcessMemory request was completed. (0x12B)
[0114/133840.218:WARNING:pe_image_reader.cc(340)] could not read dos header from C:\WINDOWS\SYSTEM32\WINHTTP.dll
[0114/133840.218:ERROR:process_memory_win.cc(73)] ReadMemory at 0x7ffe26fb0000 of 64 bytes failed: Only part of a ReadProcessMemory or WriteProcessMemory request was completed. (0x12B)
[0114/133840.218:WARNING:pe_image_reader.cc(340)] could not read dos header from C:\WINDOWS\SYSTEM32\dhcpcsvc.DLL
[0114/133840.218:ERROR:process_memory_win.cc(73)] ReadMemory at 0x7ffe2fa50000 of 64 bytes failed: Only part of a ReadProcessMemory or WriteProcessMemory request was completed. (0x12B)
[0114/133840.218:WARNING:pe_image_reader.cc(340)] could not read dos header from C:\WINDOWS\System32\NSI.dll
[0114/133840.218:ERROR:process_memory_win.cc(73)] ReadMemory at 0x7ffe2ac20000 of 64 bytes failed: Only part of a ReadProcessMemory or WriteProcessMemory request was completed. (0x12B)
[0114/133840.218:WARNING:pe_image_reader.cc(340)] could not read dos header from C:\WINDOWS\SYSTEM32\WINMMBASE.dll
[0114/133840.218:ERROR:process_memory_win.cc(73)] ReadMemory at 0x7ffe2e2c0000 of 64 bytes failed: Only part of a ReadProcessMemory or WriteProcessMemory request was completed. (0x12B)
[0114/133840.218:WARNING:pe_image_reader.cc(340)] could not read dos header from C:\WINDOWS\System32\cfgmgr32.dll
[0114/133840.218:ERROR:process_memory_win.cc(73)] ReadMemory at 0x7ffe297d0000 of 64 bytes failed: Only part of a ReadProcessMemory or WriteProcessMemory request was completed. (0x12B)
[0114/133840.218:WARNING:pe_image_reader.cc(340)] could not read dos header from C:\WINDOWS\SYSTEM32\PROPSYS.dll
[0114/133840.218:ERROR:process_memory_win.cc(73)] ReadMemory at 0x7ffe2fcd0000 of 64 bytes failed: Only part of a ReadProcessMemory or WriteProcessMemory request was completed. (0x12B)
[0114/133840.218:WARNING:pe_image_reader.cc(340)] could not read dos header from C:\WINDOWS\System32\shcore.dll
[0114/133840.218:ERROR:process_memory_win.cc(73)] ReadMemory at 0x7ffe2d020000 of 64 bytes failed: Only part of a ReadProcessMemory or WriteProcessMemory request was completed. (0x12B)
[0114/133840.218:WARNING:pe_image_reader.cc(340)] could not read dos header from C:\WINDOWS\SYSTEM32\SSPICLI.DLL
[0114/133840.218:ERROR:process_memory_win.cc(73)] ReadMemory at 0x7ffe2cb70000 of 64 bytes failed: Only part of a ReadProcessMemory or WriteProcessMemory request was completed. (0x12B)
[0114/133840.218:WARNING:pe_image_reader.cc(340)] could not read dos header from C:\WINDOWS\SYSTEM32\CRYPTBASE.DLL
[0114/133840.218:ERROR:process_memory_win.cc(73)] ReadMemory at 0x7ff6df930000 of 64 bytes failed: Only part of a ReadProcessMemory or WriteProcessMemory request was completed. (0x12B)
[0114/133840.218:WARNING:pe_image_reader.cc(340)] could not read dos header from C:\Program Files (x86)\Google\Chrome\Application\chrome.exe
[0114/133840.218:ERROR:process_memory_win.cc(73)] ReadMemory at 0x7ffe30260000 of 64 bytes failed: Only part of a ReadProcessMemory or WriteProcessMemory request was completed. (0x12B)
[0114/133840.218:WARNING:pe_image_reader.cc(340)] could not read dos header from C:\WINDOWS\SYSTEM32\ntdll.dll
[0114/133840.218:ERROR:process_memory_win.cc(73)] ReadMemory at 0x7ffe2ffc0000 of 64 bytes failed: Only part of a ReadProcessMemory or WriteProcessMemory request was completed. (0x12B)
[0114/133840.218:WARNING:pe_image_reader.cc(340)] could not read dos header from C:\WINDOWS\System32\KERNEL32.DLL
[0114/133840.218:ERROR:process_memory_win.cc(73)] ReadMemory at 0x7ffe2dac0000 of 64 bytes failed: Only part of a ReadProcessMemory or WriteProcessMemory request was completed. (0x12B)
[0114/133840.218:WARNING:pe_image_reader.cc(340)] could not read dos header from C:\WINDOWS\System32\KERNELBASE.dll
[0114/133840.218:ERROR:process_memory_win.cc(73)] ReadMemory at 0x7ffdf9150000 of 64 bytes failed: Only part of a ReadProcessMemory or WriteProcessMemory request was completed. (0x12B)
[0114/133840.219:WARNING:pe_image_reader.cc(340)] could not read dos header from C:\Program Files (x86)\Google\Chrome\Application\79.0.3945.117\chrome_elf.dll
[0114/133840.219:ERROR:process_memory_win.cc(73)] ReadMemory at 0x7ffe23fa0000 of 64 bytes failed: Only part of a ReadProcessMemory or WriteProcessMemory request was completed. (0x12B)
[0114/133840.219:WARNING:pe_image_reader.cc(340)] could not read dos header from C:\WINDOWS\SYSTEM32\VERSION.dll
[0114/133840.219:ERROR:process_memory_win.cc(73)] ReadMemory at 0x7ffe2f2d0000 of 64 bytes failed: Only part of a ReadProcessMemory or WriteProcessMemory request was completed. (0x12B)
[0114/133840.219:WARNING:pe_image_reader.cc(340)] could not read dos header from C:\WINDOWS\System32\msvcrt.dll
[0114/133840.219:ERROR:process_memory_win.cc(73)] ReadMemory at 0x7ffe2e0f0000 of 64 bytes failed: Only part of a ReadProcessMemory or WriteProcessMemory request was completed. (0x12B)
[0114/133840.219:WARNING:pe_image_reader.cc(340)] could not read dos header from C:\WINDOWS\System32\bcryptPrimitives.dll
[0114/133840.219:ERROR:process_memory_win.cc(73)] ReadMemory at 0x7ffe2fe40000 of 64 bytes failed: Only part of a ReadProcessMemory or WriteProcessMemory request was completed. (0x12B)
[0114/133840.219:WARNING:pe_image_reader.cc(340)] could not read dos header from C:\WINDOWS\System32\ADVAPI32.dll
[0114/133840.219:ERROR:process_memory_win.cc(73)] ReadMemory at 0x7ffe2ff20000 of 64 bytes failed: Only part of a ReadProcessMemory or WriteProcessMemory request was completed. (0x12B)
[0114/133840.219:WARNING:pe_image_reader.cc(340)] could not read dos header from C:\WINDOWS\System32\sechost.dll
[0114/133840.219:ERROR:process_memory_win.cc(73)] ReadMemory at 0x7ffe2fb40000 of 64 bytes failed: Only part of a ReadProcessMemory or WriteProcessMemory request was completed. (0x12B)
[0114/133840.219:WARNING:pe_image_reader.cc(340)] could not read dos header from C:\WINDOWS\System32\RPCRT4.dll
[0114/133840.219:ERROR:process_memory_win.cc(73)] ReadMemory at 0x7ffdd2590000 of 64 bytes failed: Only part of a ReadProcessMemory or WriteProcessMemory request was completed. (0x12B)
[0114/133840.219:WARNING:pe_image_reader.cc(340)] could not read dos header from C:\Program Files (x86)\Google\Chrome\Application\79.0.3945.117\chrome_child.dll
[0114/133840.219:ERROR:process_memory_win.cc(73)] ReadMemory at 0x7ffe2f5e0000 of 64 bytes failed: Only part of a ReadProcessMemory or WriteProcessMemory request was completed. (0x12B)
[0114/133840.219:WARNING:pe_image_reader.cc(340)] could not read dos header from C:\WINDOWS\System32\OLEAUT32.dll
[0114/133840.219:ERROR:process_memory_win.cc(73)] ReadMemory at 0x7ffe2df70000 of 64 bytes failed: Only part of a ReadProcessMemory or WriteProcessMemory request was completed. (0x12B)
[0114/133840.219:WARNING:pe_image_reader.cc(340)] could not read dos header from C:\WINDOWS\System32\msvcp_win.dll
[0114/133840.219:ERROR:process_memory_win.cc(73)] ReadMemory at 0x7ffe2d220000 of 64 bytes failed: Only part of a ReadProcessMemory or WriteProcessMemory request was completed. (0x12B)
[0114/133840.219:WARNING:pe_image_reader.cc(340)] could not read dos header from C:\WINDOWS\System32\ucrtbase.dll
[0114/133840.219:ERROR:process_memory_win.cc(73)] ReadMemory at 0x7ffe2f6b0000 of 64 bytes failed: Only part of a ReadProcessMemory or WriteProcessMemory request was completed. (0x12B)
[0114/133840.219:WARNING:pe_image_reader.cc(340)] could not read dos header from C:\WINDOWS\System32\combase.dll
[0114/133840.219:ERROR:process_memory_win.cc(73)] ReadMemory at 0x7ffe2fd80000 of 64 bytes failed: Only part of a ReadProcessMemory or WriteProcessMemory request was completed. (0x12B)
[0114/133840.219:WARNING:pe_image_reader.cc(340)] could not read dos header from C:\WINDOWS\System32\WS2_32.dll
[0114/133840.219:ERROR:process_memory_win.cc(73)] ReadMemory at 0x7ffe2df10000 of 64 bytes failed: Only part of a ReadProcessMemory or WriteProcessMemory request was completed. (0x12B)
[0114/133840.220:WARNING:pe_image_reader.cc(340)] could not read dos header from C:\WINDOWS\System32\WINTRUST.dll
[0114/133840.220:ERROR:process_memory_win.cc(73)] ReadMemory at 0x7ffe2d140000 of 64 bytes failed: Only part of a ReadProcessMemory or WriteProcessMemory request was completed. (0x12B)
[0114/133840.220:WARNING:pe_image_reader.cc(340)] could not read dos header from C:\WINDOWS\System32\MSASN1.dll
[0114/133840.220:ERROR:process_memory_win.cc(73)] ReadMemory at 0x7ffe2e170000 of 64 bytes failed: Only part of a ReadProcessMemory or WriteProcessMemory request was completed. (0x12B)
[0114/133840.220:WARNING:pe_image_reader.cc(340)] could not read dos header from C:\WINDOWS\System32\CRYPT32.dll
[0114/133840.220:ERROR:process_memory_win.cc(73)] ReadMemory at 0x7ffe2c6b0000 of 64 bytes failed: Only part of a ReadProcessMemory or WriteProcessMemory request was completed. (0x12B)
[0114/133840.220:WARNING:pe_image_reader.cc(340)] could not read dos header from C:\WINDOWS\SYSTEM32\IPHLPAPI.DLL
[0114/133840.220:ERROR:process_memory_win.cc(73)] ReadMemory at 0x7ffe2ac50000 of 64 bytes failed: Only part of a ReadProcessMemory or WriteProcessMemory request was completed. (0x12B)
[0114/133840.220:WARNING:pe_image_reader.cc(340)] could not read dos header from C:\WINDOWS\SYSTEM32\WINMM.dll
[0114/133840.220:ERROR:process_memory_win.cc(73)] ReadMemory at 0x7ffe2d050000 of 64 bytes failed: Only part of a ReadProcessMemory or WriteProcessMemory request was completed. (0x12B)
[0114/133840.220:WARNING:pe_image_reader.cc(340)] could not read dos header from C:\WINDOWS\SYSTEM32\USERENV.dll
[0114/133840.220:ERROR:process_memory_win.cc(73)] ReadMemory at 0x7ffe2d1b0000 of 64 bytes failed: Only part of a ReadProcessMemory or WriteProcessMemory request was completed. (0x12B)
[0114/133840.220:WARNING:pe_image_reader.cc(340)] could not read dos header from C:\WINDOWS\System32\profapi.dll
[0114/133840.220:ERROR:process_memory_win.cc(73)] ReadMemory at 0x7ffe1d330000 of 64 bytes failed: Only part of a ReadProcessMemory or WriteProcessMemory request was completed. (0x12B)
[0114/133840.220:WARNING:pe_image_reader.cc(340)] could not read dos header from C:\WINDOWS\SYSTEM32\DWrite.dll
[0114/133840.220:ERROR:process_memory_win.cc(73)] ReadMemory at 0x7ffe23ad0000 of 64 bytes failed: Only part of a ReadProcessMemory or WriteProcessMemory request was completed. (0x12B)
[0114/133840.220:WARNING:pe_image_reader.cc(340)] could not read dos header from C:\WINDOWS\SYSTEM32\WINSPOOL.DRV
[0114/133840.220:ERROR:process_memory_win.cc(73)] ReadMemory at 0x7ffe2d1d0000 of 64 bytes failed: Only part of a ReadProcessMemory or WriteProcessMemory request was completed. (0x12B)
[0114/133840.220:WARNING:pe_image_reader.cc(340)] could not read dos header from C:\WINDOWS\System32\kernel.appcore.dll
[0114/133840.220:ERROR:process_memory_win.cc(73)] ReadMemory at 0x7ffe2d1f0000 of 64 bytes failed: Only part of a ReadProcessMemory or WriteProcessMemory request was completed. (0x12B)
[0114/133840.220:WARNING:pe_image_reader.cc(340)] could not read dos header from C:\WINDOWS\System32\bcrypt.dll
[0114/133840.220:ERROR:process_memory_win.cc(73)] ReadMemory at 0x7ffe24c60000 of 64 bytes failed: Only part of a ReadProcessMemory or WriteProcessMemory request was completed. (0x12B)
[0114/133840.220:WARNING:pe_image_reader.cc(340)] could not read dos header from C:\WINDOWS\SYSTEM32\dbghelp.dll
[0114/133840.220:ERROR:process_memory_win.cc(73)] ReadMemory at 0x7ffe23610000 of 64 bytes failed: Only part of a ReadProcessMemory or WriteProcessMemory request was completed. (0x12B)
[0114/133840.220:WARNING:pe_image_reader.cc(340)] could not read dos header from C:\WINDOWS\SYSTEM32\Secur32.dll
[0114/133840.220:ERROR:process_memory_win.cc(73)] ReadMemory at 0x7ffe24050000 of 64 bytes failed: Only part of a ReadProcessMemory or WriteProcessMemory request was completed. (0x12B)
[0114/133840.221:WARNING:pe_image_reader.cc(340)] could not read dos header from C:\WINDOWS\SYSTEM32\WINHTTP.dll
[0114/133840.221:ERROR:process_memory_win.cc(73)] ReadMemory at 0x7ffe26fb0000 of 64 bytes failed: Only part of a ReadProcessMemory or WriteProcessMemory request was completed. (0x12B)
[0114/133840.221:WARNING:pe_image_reader.cc(340)] could not read dos header from C:\WINDOWS\SYSTEM32\dhcpcsvc.DLL
[0114/133840.221:ERROR:process_memory_win.cc(73)] ReadMemory at 0x7ffe2fa50000 of 64 bytes failed: Only part of a ReadProcessMemory or WriteProcessMemory request was completed. (0x12B)
[0114/133840.221:WARNING:pe_image_reader.cc(340)] could not read dos header from C:\WINDOWS\System32\NSI.dll
[0114/133840.221:ERROR:process_memory_win.cc(73)] ReadMemory at 0x7ffe2ac20000 of 64 bytes failed: Only part of a ReadProcessMemory or WriteProcessMemory request was completed. (0x12B)
[0114/133840.221:WARNING:pe_image_reader.cc(340)] could not read dos header from C:\WINDOWS\SYSTEM32\WINMMBASE.dll
[0114/133840.221:ERROR:process_memory_win.cc(73)] ReadMemory at 0x7ffe2e2c0000 of 64 bytes failed: Only part of a ReadProcessMemory or WriteProcessMemory request was completed. (0x12B)
[0114/133840.221:WARNING:pe_image_reader.cc(340)] could not read dos header from C:\WINDOWS\System32\cfgmgr32.dll
[0114/133840.221:ERROR:process_memory_win.cc(73)] ReadMemory at 0x7ffe297d0000 of 64 bytes failed: Only part of a ReadProcessMemory or WriteProcessMemory request was completed. (0x12B)
[0114/133840.221:WARNING:pe_image_reader.cc(340)] could not read dos header from C:\WINDOWS\SYSTEM32\PROPSYS.dll
[0114/133840.221:ERROR:process_memory_win.cc(73)] ReadMemory at 0x7ffe2fcd0000 of 64 bytes failed: Only part of a ReadProcessMemory or WriteProcessMemory request was completed. (0x12B)
[0114/133840.221:WARNING:pe_image_reader.cc(340)] could not read dos header from C:\WINDOWS\System32\shcore.dll
[0114/133840.221:ERROR:process_memory_win.cc(73)] ReadMemory at 0x7ffe2d020000 of 64 bytes failed: Only part of a ReadProcessMemory or WriteProcessMemory request was completed. (0x12B)
[0114/133840.221:WARNING:pe_image_reader.cc(340)] could not read dos header from C:\WINDOWS\SYSTEM32\SSPICLI.DLL
[0114/133840.221:ERROR:process_memory_win.cc(73)] ReadMemory at 0x7ffe2cb70000 of 64 bytes failed: Only part of a ReadProcessMemory or WriteProcessMemory request was completed. (0x12B)
[0114/133840.221:WARNING:pe_image_reader.cc(340)] could not read dos header from C:\WINDOWS\SYSTEM32\CRYPTBASE.DLL
[0114/133840.230:ERROR:process_memory_win.cc(73)] ReadMemory at 0x5027df9000 of 28672 bytes failed: Only part of a ReadProcessMemory or WriteProcessMemory request was completed. (0x12B)
[0114/133840.230:ERROR:process_memory_win.cc(73)] ReadMemory at 0x50285fd000 of 12288 bytes failed: Only part of a ReadProcessMemory or WriteProcessMemory request was completed. (0x12B)
[0114/133840.230:ERROR:process_memory_win.cc(73)] ReadMemory at 0x5028dfd000 of 12288 bytes failed: Only part of a ReadProcessMemory or WriteProcessMemory request was completed. (0x12B)
[0114/133840.230:ERROR:process_memory_win.cc(73)] ReadMemory at 0x50295fd000 of 12288 bytes failed: Only part of a ReadProcessMemory or WriteProcessMemory request was completed. (0x12B)
[0114/133840.230:ERROR:process_memory_win.cc(73)] ReadMemory at 0x5029dfc000 of 16384 bytes failed: Only part of a ReadProcessMemory or WriteProcessMemory request was completed. (0x12B)
[0114/133840.230:ERROR:process_memory_win.cc(73)] ReadMemory at 0x502a5fe000 of 8192 bytes failed: Only part of a ReadProcessMemory or WriteProcessMemory request was completed. (0x12B)
[0114/133840.231:ERROR:process_memory_win.cc(73)] ReadMemory at 0x502adfd000 of 12288 bytes failed: Only part of a ReadProcessMemory or WriteProcessMemory request was completed. (0x12B)
[0114/133840.231:ERROR:process_memory_win.cc(73)] ReadMemory at 0x502b5fd000 of 12288 bytes failed: Only part of a ReadProcessMemory or WriteProcessMemory request was completed. (0x12B)
[0114/133840.231:ERROR:process_memory_win.cc(73)] ReadMemory at 0x502bdfd000 of 12288 bytes failed: Only part of a ReadProcessMemory or WriteProcessMemory request was completed. (0x12B)
[0114/133840.231:ERROR:process_memory_win.cc(73)] ReadMemory at 0x502c5fd000 of 12288 bytes failed: Only part of a ReadProcessMemory or WriteProcessMemory request was completed. (0x12B)
[0114/133840.231:ERROR:process_memory_win.cc(73)] ReadMemory at 0x502cdfd000 of 12288 bytes failed: Only part of a ReadProcessMemory or WriteProcessMemory request was completed. (0x12B)
[0114/133840.231:ERROR:process_memory_win.cc(73)] ReadMemory at 0x502d5fd000 of 12288 bytes failed: Only part of a ReadProcessMemory or WriteProcessMemory request was completed. (0x12B)
[0114/133840.231:ERROR:process_memory_win.cc(73)] ReadMemory at 0x502ddfd000 of 12288 bytes failed: Only part of a ReadProcessMemory or WriteProcessMemory request was completed. (0x12B)
[0114/133840.231:ERROR:process_memory_win.cc(73)] ReadMemory at 0x502e5fd000 of 12288 bytes failed: Only part of a ReadProcessMemory or WriteProcessMemory request was completed. (0x12B)
[0114/133840.232:ERROR:process_memory_win.cc(73)] ReadMemory at 0x502edfd000 of 12288 bytes failed: Only part of a ReadProcessMemory or WriteProcessMemory request was completed. (0x12B)
[0114/133840.232:ERROR:process_memory_win.cc(73)] ReadMemory at 0x502746b000 of 852 bytes failed: Only part of a ReadProcessMemory or WriteProcessMemory request was completed. (0x12B)
[0114/133840.232:ERROR:process_memory_win.cc(73)] ReadMemory at 0x502746c000 of 6024 bytes failed: Only part of a ReadProcessMemory or WriteProcessMemory request was completed. (0x12B)
[0114/133840.232:ERROR:process_memory_win.cc(73)] ReadMemory at 0x502746e000 of 6024 bytes failed: Only part of a ReadProcessMemory or WriteProcessMemory request was completed. (0x12B)
[0114/133840.232:ERROR:process_memory_win.cc(73)] ReadMemory at 0x5027470000 of 6024 bytes failed: Only part of a ReadProcessMemory or WriteProcessMemory request was completed. (0x12B)
[0114/133840.232:ERROR:process_memory_win.cc(73)] ReadMemory at 0x5027472000 of 6024 bytes failed: Only part of a ReadProcessMemory or WriteProcessMemory request was completed. (0x12B)
[0114/133840.232:ERROR:process_memory_win.cc(73)] ReadMemory at 0x5027474000 of 6024 bytes failed: Only part of a ReadProcessMemory or WriteProcessMemory request was completed. (0x12B)
[0114/133840.232:ERROR:process_memory_win.cc(73)] ReadMemory at 0x5027476000 of 6024 bytes failed: Only part of a ReadProcessMemory or WriteProcessMemory request was completed. (0x12B)
[0114/133840.232:ERROR:process_memory_win.cc(73)] ReadMemory at 0x5027478000 of 6024 bytes failed: Only part of a ReadProcessMemory or WriteProcessMemory request was completed. (0x12B)
[0114/133840.232:ERROR:process_memory_win.cc(73)] ReadMemory at 0x502747a000 of 6024 bytes failed: Only part of a ReadProcessMemory or WriteProcessMemory request was completed. (0x12B)
[0114/133840.232:ERROR:process_memory_win.cc(73)] ReadMemory at 0x502747c000 of 6024 bytes failed: Only part of a ReadProcessMemory or WriteProcessMemory request was completed. (0x12B)
[0114/133840.233:ERROR:process_memory_win.cc(73)] ReadMemory at 0x502747e000 of 6024 bytes failed: Only part of a ReadProcessMemory or WriteProcessMemory request was completed. (0x12B)
[0114/133840.233:ERROR:process_memory_win.cc(73)] ReadMemory at 0x5027480000 of 6024 bytes failed: Only part of a ReadProcessMemory or WriteProcessMemory request was completed. (0x12B)
[0114/133840.233:ERROR:process_memory_win.cc(73)] ReadMemory at 0x5027482000 of 6024 bytes failed: Only part of a ReadProcessMemory or WriteProcessMemory request was completed. (0x12B)
[0114/133840.233:ERROR:process_memory_win.cc(73)] ReadMemory at 0x5027484000 of 6024 bytes failed: Only part of a ReadProcessMemory or WriteProcessMemory request was completed. (0x12B)
[0114/133840.233:ERROR:process_memory_win.cc(73)] ReadMemory at 0x5027486000 of 6024 bytes failed: Only part of a ReadProcessMemory or WriteProcessMemory request was completed. (0x12B)
[0114/133840.233:ERROR:process_memory_win.cc(73)] ReadMemory at 0x5027488000 of 6024 bytes failed: Only part of a ReadProcessMemory or WriteProcessMemory request was completed. (0x12B)
[0114/133840.234:ERROR:process_memory_win.cc(73)] ReadMemory at 0x227dca40750 of 80 bytes failed: Only part of a ReadProcessMemory or WriteProcessMemory request was completed. (0x12B)
[0114/133840.234:ERROR:process_memory_win.cc(73)] ReadMemory at 0x227dca40fe0 of 22484 bytes failed: Only part of a ReadProcessMemory or WriteProcessMemory request was completed. (0x12B)
[0114/133840.234:ERROR:process_memory_win.cc(73)] ReadMemory at 0x227dca467c0 of 1012 bytes failed: Only part of a ReadProcessMemory or WriteProcessMemory request was completed. (0x12B)
[0114/133840.234:ERROR:process_memory_win.cc(73)] ReadMemory at 0x227dca46e08 of 118 bytes failed: Only part of a ReadProcessMemory or WriteProcessMemory request was completed. (0x12B)
[0114/133840.234:ERROR:process_memory_win.cc(73)] ReadMemory at 0x227dca46e80 of 908 bytes failed: Only part of a ReadProcessMemory or WriteProcessMemory request was completed. (0x12B)
[0114/133840.235:ERROR:process_memory_win.cc(73)] ReadMemory at 0x227dca4720e of 118 bytes failed: Only part of a ReadProcessMemory or WriteProcessMemory request was completed. (0x12B)
[0114/133840.235:ERROR:process_memory_win.cc(73)] ReadMemory at 0x227dca47286 of 98 bytes failed: Only part of a ReadProcessMemory or WriteProcessMemory request was completed. (0x12B)
[0114/133840.235:ERROR:process_memory_win.cc(73)] ReadMemory at 0x227dca47300 of 58 bytes failed: Only part of a ReadProcessMemory or WriteProcessMemory request was completed. (0x12B)
[0114/133840.235:ERROR:process_memory_win.cc(73)] ReadMemory at 0x227dca47400 of 132 bytes failed: Only part of a ReadProcessMemory or WriteProcessMemory request was completed. (0x12B)
[0114/133840.235:ERROR:process_memory_win.cc(73)] ReadMemory at 0x227dca47590 of 132 bytes failed: Only part of a ReadProcessMemory or WriteProcessMemory request was completed. (0x12B)
[0114/133840.235:ERROR:process_memory_win.cc(73)] ReadMemory at 0x227dca47750 of 126 bytes failed: Only part of a ReadProcessMemory or WriteProcessMemory request was completed. (0x12B)
[0114/133840.235:ERROR:process_memory_win.cc(73)] ReadMemory at 0x227dca47b30 of 132 bytes failed: Only part of a ReadProcessMemory or WriteProcessMemory request was completed. (0x12B)
[0114/133840.235:ERROR:process_memory_win.cc(73)] ReadMemory at 0x227dca47cc0 of 64 bytes failed: Only part of a ReadProcessMemory or WriteProcessMemory request was completed. (0x12B)
[0114/133840.236:ERROR:process_memory_win.cc(73)] ReadMemory at 0x227dca47e80 of 132 bytes failed: Only part of a ReadProcessMemory or WriteProcessMemory request was completed. (0x12B)
[0114/133840.236:ERROR:process_memory_win.cc(73)] ReadMemory at 0x227dca48120 of 132 bytes failed: Only part of a ReadProcessMemory or WriteProcessMemory request was completed. (0x12B)
[0114/133840.236:ERROR:process_memory_win.cc(73)] ReadMemory at 0x227dca482b0 of 68 bytes failed: Only part of a ReadProcessMemory or WriteProcessMemory request was completed. (0x12B)
[0114/133840.236:ERROR:process_memory_win.cc(73)] ReadMemory at 0x227dca493c0 of 132 bytes failed: Only part of a ReadProcessMemory or WriteProcessMemory request was completed. (0x12B)
[0114/133840.236:ERROR:process_memory_win.cc(73)] ReadMemory at 0x227dca49550 of 154 bytes failed: Only part of a ReadProcessMemory or WriteProcessMemory request was completed. (0x12B)
[0114/133840.236:ERROR:process_memory_win.cc(73)] ReadMemory at 0x227dca4a360 of 62 bytes failed: Only part of a ReadProcessMemory or WriteProcessMemory request was completed. (0x12B)
[0114/133840.236:ERROR:process_memory_win.cc(73)] ReadMemory at 0x227dca4a4c0 of 132 bytes failed: Only part of a ReadProcessMemory or WriteProcessMemory request was completed. (0x12B)
[0114/133840.236:ERROR:process_memory_win.cc(73)] ReadMemory at 0x227dca4a650 of 60 bytes failed: Only part of a ReadProcessMemory or WriteProcessMemory request was completed. (0x12B)
[0114/133840.236:ERROR:process_memory_win.cc(73)] ReadMemory at 0x227dca4a8d0 of 132 bytes failed: Only part of a ReadProcessMemory or WriteProcessMemory request was completed. (0x12B)
[0114/133840.236:ERROR:process_memory_win.cc(73)] ReadMemory at 0x227dca4b48c of 512 bytes failed: Only part of a ReadProcessMemory or WriteProcessMemory request was completed. (0x12B)
[0114/133840.236:ERROR:process_memory_win.cc(73)] ReadMemory at 0x227dca4c350 of 132 bytes failed: Only part of a ReadProcessMemory or WriteProcessMemory request was completed. (0x12B)
[0114/133840.236:ERROR:process_memory_win.cc(73)] ReadMemory at 0x227dca4ec10 of 132 bytes failed: Only part of a ReadProcessMemory or WriteProcessMemory request was completed. (0x12B)
[0114/133840.237:ERROR:process_memory_win.cc(73)] ReadMemory at 0x227dca4ed40 of 158 bytes failed: Only part of a ReadProcessMemory or WriteProcessMemory request was completed. (0x12B)
[0114/133840.237:ERROR:process_memory_win.cc(73)] ReadMemory at 0x227dca4f710 of 54 bytes failed: Only part of a ReadProcessMemory or WriteProcessMemory request was completed. (0x12B)
[0114/133840.237:ERROR:process_memory_win.cc(73)] ReadMemory at 0x227dca52250 of 132 bytes failed: Only part of a ReadProcessMemory or WriteProcessMemory request was completed. (0x12B)
[0114/133840.237:ERROR:process_memory_win.cc(73)] ReadMemory at 0x227dca524c0 of 132 bytes failed: Only part of a ReadProcessMemory or WriteProcessMemory request was completed. (0x12B)
[0114/133840.237:ERROR:process_memory_win.cc(73)] ReadMemory at 0x227dca525f0 of 132 bytes failed: Only part of a ReadProcessMemory or WriteProcessMemory request was completed. (0x12B)
[0114/133840.237:ERROR:process_memory_win.cc(73)] ReadMemory at 0x227dca53940 of 132 bytes failed: Only part of a ReadProcessMemory or WriteProcessMemory request was completed. (0x12B)
[0114/133840.237:ERROR:process_memory_win.cc(73)] ReadMemory at 0x227dca53cf0 of 132 bytes failed: Only part of a ReadProcessMemory or WriteProcessMemory request was completed. (0x12B)
[0114/133840.237:ERROR:process_memory_win.cc(73)] ReadMemory at 0x227dca550d0 of 66 bytes failed: Only part of a ReadProcessMemory or WriteProcessMemory request was completed. (0x12B)
[0114/133840.237:ERROR:process_memory_win.cc(73)] ReadMemory at 0x227dca55210 of 60 bytes failed: Only part of a ReadProcessMemory or WriteProcessMemory request was completed. (0x12B)
[0114/133840.237:ERROR:process_memory_win.cc(73)] ReadMemory at 0x227dca55350 of 64 bytes failed: Only part of a ReadProcessMemory or WriteProcessMemory request was completed. (0x12B)
[0114/133840.237:ERROR:process_memory_win.cc(73)] ReadMemory at 0x227dca553a0 of 62 bytes failed: Only part of a ReadProcessMemory or WriteProcessMemory request was completed. (0x12B)
[0114/133840.238:ERROR:process_memory_win.cc(73)] ReadMemory at 0x227dca55440 of 62 bytes failed: Only part of a ReadProcessMemory or WriteProcessMemory request was completed. (0x12B)
[0114/133840.238:ERROR:process_memory_win.cc(73)] ReadMemory at 0x227dca55490 of 60 bytes failed: Only part of a ReadProcessMemory or WriteProcessMemory request was completed. (0x12B)
[0114/133840.238:ERROR:process_memory_win.cc(73)] ReadMemory at 0x227dca554e0 of 60 bytes failed: Only part of a ReadProcessMemory or WriteProcessMemory request was completed. (0x12B)
[0114/133840.238:ERROR:process_memory_win.cc(73)] ReadMemory at 0x227dca555d0 of 62 bytes failed: Only part of a ReadProcessMemory or WriteProcessMemory request was completed. (0x12B)
[0114/133840.238:ERROR:process_memory_win.cc(73)] ReadMemory at 0x227dca55670 of 66 bytes failed: Only part of a ReadProcessMemory or WriteProcessMemory request was completed. (0x12B)
[0114/133840.238:ERROR:process_memory_win.cc(73)] ReadMemory at 0x227dca55760 of 60 bytes failed: Only part of a ReadProcessMemory or WriteProcessMemory request was completed. (0x12B)
[0114/133840.238:ERROR:process_memory_win.cc(73)] ReadMemory at 0x227dca55800 of 62 bytes failed: Only part of a ReadProcessMemory or WriteProcessMemory request was completed. (0x12B)
[0114/133840.238:ERROR:process_memory_win.cc(73)] ReadMemory at 0x227dca55850 of 64 bytes failed: Only part of a ReadProcessMemory or WriteProcessMemory request was completed. (0x12B)
[0114/133840.238:ERROR:process_memory_win.cc(73)] ReadMemory at 0x227dca558a0 of 62 bytes failed: Only part of a ReadProcessMemory or WriteProcessMemory request was completed. (0x12B)
[0114/133840.238:ERROR:process_memory_win.cc(73)] ReadMemory at 0x227dca558f0 of 64 bytes failed: Only part of a ReadProcessMemory or WriteProcessMemory request was completed. (0x12B)
[0114/133840.238:ERROR:process_memory_win.cc(73)] ReadMemory at 0x227dca559e0 of 62 bytes failed: Only part of a ReadProcessMemory or WriteProcessMemory request was completed. (0x12B)
[0114/133840.238:ERROR:process_memory_win.cc(73)] ReadMemory at 0x227dca55a80 of 60 bytes failed: Only part of a ReadProcessMemory or WriteProcessMemory request was completed. (0x12B)
[0114/133840.238:ERROR:process_memory_win.cc(73)] ReadMemory at 0x227dca55ad0 of 64 bytes failed: Only part of a ReadProcessMemory or WriteProcessMemory request was completed. (0x12B)
[0114/133840.238:ERROR:process_memory_win.cc(73)] ReadMemory at 0x227dca55b70 of 64 bytes failed: Only part of a ReadProcessMemory or WriteProcessMemory request was completed. (0x12B)
[0114/133840.239:ERROR:process_memory_win.cc(73)] ReadMemory at 0x227dca55bc0 of 64 bytes failed: Only part of a ReadProcessMemory or WriteProcessMemory request was completed. (0x12B)
[0114/133840.239:ERROR:process_memory_win.cc(73)] ReadMemory at 0x227dca55c60 of 62 bytes failed: Only part of a ReadProcessMemory or WriteProcessMemory request was completed. (0x12B)
[0114/133840.239:ERROR:process_memory_win.cc(73)] ReadMemory at 0x227dca55cb0 of 64 bytes failed: Only part of a ReadProcessMemory or WriteProcessMemory request was completed. (0x12B)
[0114/133840.239:ERROR:process_memory_win.cc(73)] ReadMemory at 0x227dca55d50 of 62 bytes failed: Only part of a ReadProcessMemory or WriteProcessMemory request was completed. (0x12B)
[0114/133840.239:ERROR:process_memory_win.cc(73)] ReadMemory at 0x227dca55e40 of 58 bytes failed: Only part of a ReadProcessMemory or WriteProcessMemory request was completed. (0x12B)
[0114/133840.239:ERROR:process_memory_win.cc(73)] ReadMemory at 0x227dca55ee0 of 62 bytes failed: Only part of a ReadProcessMemory or WriteProcessMemory request was completed. (0x12B)
[0114/133840.239:ERROR:process_memory_win.cc(73)] ReadMemory at 0x227dca55f30 of 62 bytes failed: Only part of a ReadProcessMemory or WriteProcessMemory request was completed. (0x12B)
[0114/133840.239:ERROR:process_memory_win.cc(73)] ReadMemory at 0x227dca55fd0 of 64 bytes failed: Only part of a ReadProcessMemory or WriteProcessMemory request was completed. (0x12B)
[0114/133840.239:ERROR:process_memory_win.cc(73)] ReadMemory at 0x227dca56020 of 60 bytes failed: Only part of a ReadProcessMemory or WriteProcessMemory request was completed. (0x12B)
[0114/133840.239:ERROR:process_memory_win.cc(73)] ReadMemory at 0x227dca56aa0 of 76 bytes failed: Only part of a ReadProcessMemory or WriteProcessMemory request was completed. (0x12B)
[0114/133840.239:ERROR:process_memory_win.cc(73)] ReadMemory at 0x227dca57f00 of 132 bytes failed: Only part of a ReadProcessMemory or WriteProcessMemory request was completed. (0x12B)
[0114/133840.239:ERROR:process_memory_win.cc(73)] ReadMemory at 0x227dca58030 of 132 bytes failed: Only part of a ReadProcessMemory or WriteProcessMemory request was completed. (0x12B)
[0114/133840.239:ERROR:process_memory_win.cc(73)] ReadMemory at 0x227dca5ac40 of 512 bytes failed: Only part of a ReadProcessMemory or WriteProcessMemory request was completed. (0x12B)
[0114/133840.240:ERROR:process_memory_win.cc(73)] ReadMemory at 0x227dca5ce10 of 132 bytes failed: Only part of a ReadProcessMemory or WriteProcessMemory request was completed. (0x12B)
[0114/133840.240:ERROR:process_memory_win.cc(73)] ReadMemory at 0x227dca5cf40 of 132 bytes failed: Only part of a ReadProcessMemory or WriteProcessMemory request was completed. (0x12B)
[0114/133840.240:ERROR:process_memory_win.cc(73)] ReadMemory at 0x227dca5d070 of 132 bytes failed: Only part of a ReadProcessMemory or WriteProcessMemory request was completed. (0x12B)
[0114/133840.240:ERROR:process_memory_win.cc(73)] ReadMemory at 0x227dca5d1a0 of 132 bytes failed: Only part of a ReadProcessMemory or WriteProcessMemory request was completed. (0x12B)
[0114/133840.240:ERROR:process_memory_win.cc(73)] ReadMemory at 0x227dca5d2d0 of 132 bytes failed: Only part of a ReadProcessMemory or WriteProcessMemory request was completed. (0x12B)
[0114/133840.240:ERROR:process_memory_win.cc(73)] ReadMemory at 0x227dca5d400 of 132 bytes failed: Only part of a ReadProcessMemory or WriteProcessMemory request was completed. (0x12B)
[0114/133840.240:ERROR:process_memory_win.cc(73)] ReadMemory at 0x227dca5d530 of 132 bytes failed: Only part of a ReadProcessMemory or WriteProcessMemory request was completed. (0x12B)
[0114/133840.240:ERROR:process_memory_win.cc(73)] ReadMemory at 0x227dca5d660 of 132 bytes failed: Only part of a ReadProcessMemory or WriteProcessMemory request was completed. (0x12B)
[0114/133840.240:ERROR:process_memory_win.cc(73)] ReadMemory at 0x227dca5d790 of 132 bytes failed: Only part of a ReadProcessMemory or WriteProcessMemory request was completed. (0x12B)
[0114/133840.240:ERROR:process_memory_win.cc(73)] ReadMemory at 0x227dca5d9f0 of 132 bytes failed: Only part of a ReadProcessMemory or WriteProcessMemory request was completed. (0x12B)
[0114/133840.240:ERROR:process_memory_win.cc(73)] ReadMemory at 0x227dca5db20 of 132 bytes failed: Only part of a ReadProcessMemory or WriteProcessMemory request was completed. (0x12B)
[0114/133840.240:ERROR:process_memory_win.cc(73)] ReadMemory at 0x227dca5dc50 of 132 bytes failed: Only part of a ReadProcessMemory or WriteProcessMemory request was completed. (0x12B)
[0114/133840.240:ERROR:process_memory_win.cc(73)] ReadMemory at 0x227dca5dff0 of 132 bytes failed: Only part of a ReadProcessMemory or WriteProcessMemory request was completed. (0x12B)
[0114/133840.241:ERROR:process_memory_win.cc(73)] ReadMemory at 0x227dca5e120 of 132 bytes failed: Only part of a ReadProcessMemory or WriteProcessMemory request was completed. (0x12B)
[0114/133840.241:ERROR:process_memory_win.cc(73)] ReadMemory at 0x227dca5e250 of 132 bytes failed: Only part of a ReadProcessMemory or WriteProcessMemory request was completed. (0x12B)
[0114/133840.241:ERROR:process_memory_win.cc(73)] ReadMemory at 0x227dca5e380 of 132 bytes failed: Only part of a ReadProcessMemory or WriteProcessMemory request was completed. (0x12B)
[0114/133840.241:ERROR:process_memory_win.cc(73)] ReadMemory at 0x227dca5e710 of 132 bytes failed: Only part of a ReadProcessMemory or WriteProcessMemory request was completed. (0x12B)
[0114/133840.241:ERROR:process_memory_win.cc(73)] ReadMemory at 0x227dca5e970 of 132 bytes failed: Only part of a ReadProcessMemory or WriteProcessMemory request was completed. (0x12B)
[0114/133840.241:ERROR:process_memory_win.cc(73)] ReadMemory at 0x227dca5f8e0 of 132 bytes failed: Only part of a ReadProcessMemory or WriteProcessMemory request was completed. (0x12B)
[0114/133840.241:ERROR:process_memory_win.cc(73)] ReadMemory at 0x227dca5fc70 of 132 bytes failed: Only part of a ReadProcessMemory or WriteProcessMemory request was completed. (0x12B)
[0114/133840.241:ERROR:process_memory_win.cc(73)] ReadMemory at 0x227dca5fda0 of 132 bytes failed: Only part of a ReadProcessMemory or WriteProcessMemory request was completed. (0x12B)
[0114/133840.241:ERROR:process_memory_win.cc(73)] ReadMemory at 0x227dca75760 of 512 bytes failed: Only part of a ReadProcessMemory or WriteProcessMemory request was completed. (0x12B)
[0114/133840.241:ERROR:process_memory_win.cc(73)] ReadMemory at 0x227dcef0c50 of 512 bytes failed: Only part of a ReadProcessMemory or WriteProcessMemory request was completed. (0x12B)
[0114/133840.242:ERROR:process_memory_win.cc(73)] ReadMemory at 0x227dceff420 of 512 bytes failed: Only part of a ReadProcessMemory or WriteProcessMemory request was completed. (0x12B)
[0114/133840.242:ERROR:process_memory_win.cc(73)] ReadMemory at 0x227dcf03640 of 512 bytes failed: Only part of a ReadProcessMemory or WriteProcessMemory request was completed. (0x12B)
[0114/133840.242:ERROR:process_memory_win.cc(73)] ReadMemory at 0x227dcf03e60 of 512 bytes failed: Only part of a ReadProcessMemory or WriteProcessMemory request was completed. (0x12B)
[0114/133840.242:ERROR:process_memory_win.cc(73)] ReadMemory at 0x227dcf1ef28 of 512 bytes failed: Only part of a ReadProcessMemory or WriteProcessMemory request was completed. (0x12B)
[0114/133840.242:ERROR:process_memory_win.cc(73)] ReadMemory at 0x227dcf3bce0 of 712 bytes failed: Only part of a ReadProcessMemory or WriteProcessMemory request was completed. (0x12B)
[0114/133840.242:ERROR:process_memory_win.cc(73)] ReadMemory at 0x227dcf48658 of 800 bytes failed: Only part of a ReadProcessMemory or WriteProcessMemory request was completed. (0x12B)
[0114/133840.242:ERROR:process_memory_win.cc(73)] ReadMemory at 0x227dd0237f0 of 512 bytes failed: Only part of a ReadProcessMemory or WriteProcessMemory request was completed. (0x12B)
[0114/133840.242:ERROR:process_memory_win.cc(73)] ReadMemory at 0x227dedca220 of 512 bytes failed: Only part of a ReadProcessMemory or WriteProcessMemory request was completed. (0x12B)
[0114/133840.242:ERROR:process_memory_win.cc(73)] ReadMemory at 0x227dedf6ce0 of 512 bytes failed: Only part of a ReadProcessMemory or WriteProcessMemory request was completed. (0x12B)
[0114/133840.242:ERROR:process_memory_win.cc(73)] ReadMemory at 0x227dee23e08 of 1088 bytes failed: Only part of a ReadProcessMemory or WriteProcessMemory request was completed. (0x12B)
[0114/133840.242:ERROR:process_memory_win.cc(73)] ReadMemory at 0x227dee34650 of 512 bytes failed: Only part of a ReadProcessMemory or WriteProcessMemory request was completed. (0x12B)
[0114/133840.242:ERROR:process_memory_win.cc(73)] ReadMemory at 0x227dee4e2e0 of 512 bytes failed: Only part of a ReadProcessMemory or WriteProcessMemory request was completed. (0x12B)
[0114/133840.243:ERROR:process_memory_win.cc(73)] ReadMemory at 0x227def00c00 of 512 bytes failed: Only part of a ReadProcessMemory or WriteProcessMemory request was completed. (0x12B)
[0114/133840.243:ERROR:process_memory_win.cc(73)] ReadMemory at 0x227def1e260 of 512 bytes failed: Only part of a ReadProcessMemory or WriteProcessMemory request was completed. (0x12B)
[0114/133840.243:ERROR:process_memory_win.cc(73)] ReadMemory at 0x7ffdd404ef1c of 512 bytes failed: Only part of a ReadProcessMemory or WriteProcessMemory request was completed. (0x12B)
[0114/133840.243:ERROR:process_memory_win.cc(73)] ReadMemory at 0x7ffdd47be838 of 553 bytes failed: Only part of a ReadProcessMemory or WriteProcessMemory request was completed. (0x12B)
[0114/133840.243:ERROR:process_memory_win.cc(73)] ReadMemory at 0x7ffe2dd2b6d0 of 512 bytes failed: Only part of a ReadProcessMemory or WriteProcessMemory request was completed. (0x12B)
[0114/133840.243:ERROR:process_memory_win.cc(73)] ReadMemory at 0x7ffe302fc0c4 of 672 bytes failed: Only part of a ReadProcessMemory or WriteProcessMemory request was completed. (0x12B)
[0114/133840.243:ERROR:process_memory_win.cc(73)] ReadMemory at 0x7ffe302fc6c4 of 512 bytes failed: Only part of a ReadProcessMemory or WriteProcessMemory request was completed. (0x12B)
[0114/133840.243:ERROR:process_memory_win.cc(73)] ReadMemory at 0x7ffe302ff974 of 608 bytes failed: Only part of a ReadProcessMemory or WriteProcessMemory request was completed. (0x12B)
[0114/133840.243:ERROR:process_memory_win.cc(73)] ReadMemory at 0x7ffe3038c428 of 18 bytes failed: Only part of a ReadProcessMemory or WriteProcessMemory request was completed. (0x12B)
[0114/133840.243:ERROR:process_memory_win.cc(73)] ReadMemory at 0x7ffe303bf4f8 of 40 bytes failed: Only part of a ReadProcessMemory or WriteProcessMemory request was completed. (0x12B)
[0114/133840.243:ERROR:process_memory_win.cc(73)] ReadMemory at 0x7ffe303bf978 of 48 bytes failed: Only part of a ReadProcessMemory or WriteProcessMemory request was completed. (0x12B)
[0114/133840.244:ERROR:process_memory_win.cc(73)] ReadMemory at 0x7ffe303c53c0 of 64 bytes failed: Only part of a ReadProcessMemory or WriteProcessMemory request was completed. (0x12B)
[0114/133840.245:ERROR:scoped_process_suspend.cc(40)] NtResumeProcess: An attempt was made to access an exiting process. (0xc000010a)
